<?xml version="1.0" encoding="UTF-8"?>
<coverage generated="1532812167130" clover="3.2.0">
  <project timestamp="1532812167131" name="All files">
    <metrics statements="120" coveredstatements="65" conditionals="298" coveredconditionals="135" methods="113" coveredmethods="63" elements="531" coveredelements="263" complexity="0" loc="120" ncloc="120" packages="9" files="15" classes="15">
      <package name="src">
        <metrics statements="10" coveredstatements="4" conditionals="5" coveredconditionals="0" methods="7" coveredmethods="0"/>
        <file name="utils.js" path="C:\Work\RSS\private\Nadya-Ponka-2018Q1\match-match-game-react\src\utils.js">
          <metrics statements="10" coveredstatements="4" conditionals="5" coveredconditionals="0" methods="7" coveredmethods="0"/>
          <line num="1" count="1" type="stmt"/>
          <line num="93" count="1" type="stmt"/>
          <line num="96" count="1" type="stmt"/>
          <line num="97" count="1" type="cond" truecount="0" falsecount="5"/>
          <line num="98" count="0" type="stmt"/>
          <line num="101" count="0" type="stmt"/>
          <line num="102" count="0" type="stmt"/>
          <line num="103" count="0" type="stmt"/>
          <line num="104" count="0" type="stmt"/>
          <line num="105" count="0" type="stmt"/>
        </file>
      </package>
      <package name="src.actions">
        <metrics statements="10" coveredstatements="10" conditionals="0" coveredconditionals="0" methods="9" coveredmethods="2"/>
        <file name="actionTypes.js" path="C:\Work\RSS\private\Nadya-Ponka-2018Q1\match-match-game-react\src\actions\actionTypes.js">
          <metrics statements="10" coveredstatements="10" conditionals="0" coveredconditionals="0" methods="9" coveredmethods="2"/>
          <line num="1" count="3" type="stmt"/>
          <line num="14" count="3" type="stmt"/>
          <line num="19" count="3" type="stmt"/>
          <line num="24" count="3" type="stmt"/>
          <line num="29" count="3" type="stmt"/>
          <line num="34" count="3" type="stmt"/>
          <line num="39" count="3" type="stmt"/>
          <line num="44" count="3" type="stmt"/>
          <line num="49" count="3" type="stmt"/>
          <line num="54" count="3" type="stmt"/>
        </file>
      </package>
      <package name="src.components">
        <metrics statements="15" coveredstatements="10" conditionals="95" coveredconditionals="44" methods="28" coveredmethods="20"/>
        <file name="Button.js" path="C:\Work\RSS\private\Nadya-Ponka-2018Q1\match-match-game-react\src\components\Button.js">
          <metrics statements="5" coveredstatements="4" conditionals="33" coveredconditionals="14" methods="10" coveredmethods="6"/>
          <line num="1" count="2" type="cond" truecount="14" falsecount="17"/>
          <line num="3" count="2" type="cond" truecount="0" falsecount="2"/>
          <line num="5" count="0" type="stmt"/>
          <line num="10" count="2" type="stmt"/>
          <line num="13" count="2" type="stmt"/>
        </file>
        <file name="Something.js" path="C:\Work\RSS\private\Nadya-Ponka-2018Q1\match-match-game-react\src\components\Something.js">
          <metrics statements="4" coveredstatements="4" conditionals="33" coveredconditionals="19" methods="10" coveredmethods="10"/>
          <line num="1" count="2" type="cond" truecount="18" falsecount="13"/>
          <line num="3" count="2" type="cond" truecount="1" falsecount="1"/>
          <line num="5" count="1" type="stmt"/>
          <line num="16" count="2" type="stmt"/>
        </file>
        <file name="Timer.js" path="C:\Work\RSS\private\Nadya-Ponka-2018Q1\match-match-game-react\src\components\Timer.js">
          <metrics statements="6" coveredstatements="2" conditionals="29" coveredconditionals="11" methods="8" coveredmethods="4"/>
          <line num="1" count="3" type="cond" truecount="5" falsecount="3"/>
          <line num="5" count="1" type="cond" truecount="6" falsecount="13"/>
          <line num="8" count="0" type="cond" truecount="0" falsecount="2"/>
          <line num="9" count="0" type="stmt"/>
          <line num="11" count="0" type="stmt"/>
          <line num="39" count="0" type="stmt"/>
        </file>
      </package>
      <package name="src.components.card">
        <metrics statements="43" coveredstatements="10" conditionals="74" coveredconditionals="25" methods="26" coveredmethods="11"/>
        <file name="Card.js" path="C:\Work\RSS\private\Nadya-Ponka-2018Q1\match-match-game-react\src\components\card\Card.js">
          <metrics statements="11" coveredstatements="5" conditionals="35" coveredconditionals="14" methods="11" coveredmethods="6"/>
          <line num="1" count="2" type="cond" truecount="5" falsecount="3"/>
          <line num="2" count="2" type="cond" truecount="9" falsecount="14"/>
          <line num="4" count="1" type="stmt"/>
          <line num="5" count="0" type="cond" truecount="0" falsecount="2"/>
          <line num="8" count="1" type="stmt"/>
          <line num="11" count="0" type="stmt"/>
          <line num="12" count="0" type="cond" truecount="0" falsecount="2"/>
          <line num="13" count="0" type="stmt"/>
          <line num="18" count="0" type="stmt"/>
          <line num="24" count="0" type="stmt"/>
          <line num="36" count="1" type="stmt"/>
        </file>
        <file name="CardsField.js" path="C:\Work\RSS\private\Nadya-Ponka-2018Q1\match-match-game-react\src\components\card\CardsField.js">
          <metrics statements="32" coveredstatements="5" conditionals="39" coveredconditionals="11" methods="15" coveredmethods="5"/>
          <line num="1" count="1" type="cond" truecount="5" falsecount="3"/>
          <line num="10" count="1" type="cond" truecount="6" falsecount="13"/>
          <line num="12" count="1" type="cond" truecount="0" falsecount="2"/>
          <line num="14" count="0" type="cond" truecount="0" falsecount="2"/>
          <line num="15" count="0" type="stmt"/>
          <line num="19" count="0" type="stmt"/>
          <line num="20" count="0" type="stmt"/>
          <line num="21" count="0" type="stmt"/>
          <line num="22" count="0" type="stmt"/>
          <line num="25" count="0" type="cond" truecount="0" falsecount="2"/>
          <line num="26" count="0" type="cond" truecount="0" falsecount="2"/>
          <line num="27" count="0" type="stmt"/>
          <line num="28" count="0" type="stmt"/>
          <line num="32" count="0" type="stmt"/>
          <line num="34" count="0" type="stmt"/>
          <line num="35" count="0" type="stmt"/>
          <line num="36" count="0" type="stmt"/>
          <line num="37" count="0" type="stmt"/>
          <line num="38" count="0" type="stmt"/>
          <line num="49" count="0" type="cond" truecount="0" falsecount="4"/>
          <line num="55" count="0" type="stmt"/>
          <line num="56" count="0" type="stmt"/>
          <line num="74" count="0" type="stmt"/>
          <line num="75" count="0" type="stmt"/>
          <line num="78" count="0" type="stmt"/>
          <line num="79" count="0" type="stmt"/>
          <line num="81" count="0" type="stmt"/>
          <line num="82" count="0" type="stmt"/>
          <line num="83" count="0" type="stmt"/>
          <line num="86" count="1" type="stmt"/>
          <line num="89" count="0" type="stmt"/>
          <line num="101" count="1" type="stmt"/>
        </file>
      </package>
      <package name="src.components.landing-page">
        <metrics statements="13" coveredstatements="6" conditionals="29" coveredconditionals="18" methods="11" coveredmethods="9"/>
        <file name="landing-page.css" path="C:\Work\RSS\private\Nadya-Ponka-2018Q1\match-match-game-react\src\components\landing-page\landing-page.css">
          <metrics statements="0" coveredstatements="0" conditionals="0" coveredconditionals="0" methods="0" coveredmethods="0"/>
        </file>
        <file name="landing-page.js" path="C:\Work\RSS\private\Nadya-Ponka-2018Q1\match-match-game-react\src\components\landing-page\landing-page.js">
          <metrics statements="13" coveredstatements="6" conditionals="29" coveredconditionals="18" methods="11" coveredmethods="9"/>
          <line num="1" count="1" type="cond" truecount="5" falsecount="3"/>
          <line num="3" count="2" type="cond" truecount="12" falsecount="7"/>
          <line num="5" count="3" type="cond" truecount="1" falsecount="1"/>
          <line num="7" count="0" type="stmt"/>
          <line num="8" count="0" type="stmt"/>
          <line num="9" count="0" type="stmt"/>
          <line num="10" count="0" type="stmt"/>
          <line num="12" count="0" type="stmt"/>
          <line num="13" count="0" type="stmt"/>
          <line num="14" count="0" type="stmt"/>
          <line num="16" count="1" type="stmt"/>
          <line num="19" count="1" type="stmt"/>
          <line num="28" count="1" type="stmt"/>
        </file>
      </package>
      <package name="src.components.leaderBoard">
        <metrics statements="11" coveredstatements="8" conditionals="62" coveredconditionals="26" methods="20" coveredmethods="11"/>
        <file name="LeaderBoard.js" path="C:\Work\RSS\private\Nadya-Ponka-2018Q1\match-match-game-react\src\components\leaderBoard\LeaderBoard.js">
          <metrics statements="5" coveredstatements="4" conditionals="33" coveredconditionals="15" methods="11" coveredmethods="6"/>
          <line num="1" count="1" type="cond" truecount="5" falsecount="3"/>
          <line num="4" count="2" type="cond" truecount="10" falsecount="13"/>
          <line num="6" count="1" type="cond" truecount="0" falsecount="2"/>
          <line num="8" count="0" type="stmt"/>
          <line num="31" count="1" type="stmt"/>
        </file>
        <file name="strokeLeaderBoard.js" path="C:\Work\RSS\private\Nadya-Ponka-2018Q1\match-match-game-react\src\components\leaderBoard\strokeLeaderBoard.js">
          <metrics statements="6" coveredstatements="4" conditionals="29" coveredconditionals="11" methods="9" coveredmethods="5"/>
          <line num="1" count="1" type="cond" truecount="5" falsecount="3"/>
          <line num="3" count="1" type="cond" truecount="6" falsecount="13"/>
          <line num="5" count="1" type="cond" truecount="0" falsecount="2"/>
          <line num="8" count="0" type="stmt"/>
          <line num="9" count="0" type="stmt"/>
          <line num="19" count="1" type="stmt"/>
        </file>
      </package>
      <package name="src.components.playingField">
        <metrics statements="7" coveredstatements="6" conditionals="33" coveredconditionals="22" methods="11" coveredmethods="10"/>
        <file name="playingField.css" path="C:\Work\RSS\private\Nadya-Ponka-2018Q1\match-match-game-react\src\components\playingField\playingField.css">
          <metrics statements="0" coveredstatements="0" conditionals="0" coveredconditionals="0" methods="0" coveredmethods="0"/>
        </file>
        <file name="playingField.js" path="C:\Work\RSS\private\Nadya-Ponka-2018Q1\match-match-game-react\src\components\playingField\playingField.js">
          <metrics statements="7" coveredstatements="6" conditionals="33" coveredconditionals="22" methods="11" coveredmethods="10"/>
          <line num="1" count="1" type="cond" truecount="5" falsecount="3"/>
          <line num="10" count="5" type="cond" truecount="16" falsecount="7"/>
          <line num="14" count="3" type="cond" truecount="1" falsecount="1"/>
          <line num="16" count="0" type="stmt"/>
          <line num="17" count="1" type="stmt"/>
          <line num="20" count="1" type="stmt"/>
          <line num="40" count="1" type="stmt"/>
        </file>
      </package>
      <package name="src.constants">
        <metrics statements="9" coveredstatements="9" conditionals="0" coveredconditionals="0" methods="0" coveredmethods="0"/>
        <file name="index.js" path="C:\Work\RSS\private\Nadya-Ponka-2018Q1\match-match-game-react\src\constants\index.js">
          <metrics statements="9" coveredstatements="9" conditionals="0" coveredconditionals="0" methods="0" coveredmethods="0"/>
          <line num="1" count="3" type="stmt"/>
          <line num="2" count="3" type="stmt"/>
          <line num="3" count="3" type="stmt"/>
          <line num="4" count="3" type="stmt"/>
          <line num="5" count="3" type="stmt"/>
          <line num="6" count="3" type="stmt"/>
          <line num="7" count="3" type="stmt"/>
          <line num="8" count="3" type="stmt"/>
          <line num="9" count="3" type="stmt"/>
        </file>
      </package>
      <package name="src.middleWare">
        <metrics statements="2" coveredstatements="2" conditionals="0" coveredconditionals="0" methods="1" coveredmethods="0"/>
        <file name="takeDataFromAPI.js" path="C:\Work\RSS\private\Nadya-Ponka-2018Q1\match-match-game-react\src\middleWare\takeDataFromAPI.js">
          <metrics statements="2" coveredstatements="2" conditionals="0" coveredconditionals="0" methods="1" coveredmethods="0"/>
          <line num="1" count="3" type="stmt"/>
          <line num="3" count="3" type="stmt"/>
        </file>
      </package>
    </metrics>
  </project>
</coverage>
