{"C:\\Work\\RSS\\private\\Nadya-Ponka-2018Q1\\match-match-game-react\\src\\utils.js": {"path":"C:\\Work\\RSS\\private\\Nadya-Ponka-2018Q1\\match-match-game-react\\src\\utils.js","statementMap":{"0":{"start":{"line":1,"column":39},"end":{"line":1,"column":101}},"1":{"start":{"line":1,"column":101},"end":{"line":20,"column":42}},"2":{"start":{"line":93,"column":490},"end":{"line":93,"column":521}},"3":{"start":{"line":93,"column":521},"end":{"line":93,"column":547}},"4":{"start":{"line":96,"column":590},"end":{"line":96,"column":613}},"5":{"start":{"line":97,"column":42},"end":{"line":97,"column":68}},"6":{"start":{"line":97,"column":127},"end":{"line":97,"column":162}},"7":{"start":{"line":97,"column":153},"end":{"line":97,"column":162}},"8":{"start":{"line":97,"column":162},"end":{"line":97,"column":197}},"9":{"start":{"line":97,"column":187},"end":{"line":97,"column":197}},"10":{"start":{"line":97,"column":198},"end":{"line":97,"column":223}},"11":{"start":{"line":97,"column":276},"end":{"line":97,"column":298}},"12":{"start":{"line":97,"column":298},"end":{"line":97,"column":358}},"13":{"start":{"line":97,"column":371},"end":{"line":97,"column":384}},"14":{"start":{"line":97,"column":399},"end":{"line":97,"column":410}},"15":{"start":{"line":97,"column":425},"end":{"line":97,"column":431}},"16":{"start":{"line":97,"column":432},"end":{"line":97,"column":520}},"17":{"start":{"line":97,"column":613},"end":{"line":98,"column":5}},"18":{"start":{"line":98,"column":22},"end":{"line":98,"column":46}},"19":{"start":{"line":98,"column":47},"end":{"line":98,"column":94}},"20":{"start":{"line":101,"column":49},"end":{"line":101,"column":71}},"21":{"start":{"line":101,"column":109},"end":{"line":101,"column":115}},"22":{"start":{"line":101,"column":154},"end":{"line":101,"column":160}},"23":{"start":{"line":102,"column":4},"end":{"line":104,"column":121}},"24":{"start":{"line":103,"column":8},"end":{"line":103,"column":52}},"25":{"start":{"line":103,"column":52},"end":{"line":103,"column":62}},"26":{"start":{"line":104,"column":8},"end":{"line":104,"column":40}},"27":{"start":{"line":104,"column":40},"end":{"line":104,"column":90}},"28":{"start":{"line":104,"column":90},"end":{"line":104,"column":120}},"29":{"start":{"line":104,"column":121},"end":{"line":104,"column":144}},"30":{"start":{"line":104,"column":240},"end":{"line":105,"column":5}},"31":{"start":{"line":105,"column":22},"end":{"line":105,"column":46}},"32":{"start":{"line":105,"column":47},"end":{"line":105,"column":94}}},"fnMap":{"0":{"name":"sortByField","decl":{"start":{"line":97,"column":78},"end":{"line":97,"column":89}},"loc":{"start":{"line":97,"column":102},"end":{"line":97,"column":224}},"line":97},"1":{"name":"byField","decl":{"start":{"line":97,"column":112},"end":{"line":97,"column":119}},"loc":{"start":{"line":97,"column":126},"end":{"line":97,"column":198}},"line":97},"2":{"name":"secondsInTimeFormat","decl":{"start":{"line":97,"column":233},"end":{"line":97,"column":252}},"loc":{"start":{"line":97,"column":256},"end":{"line":97,"column":521}},"line":97},"3":{"name":"num","decl":{"start":{"line":97,"column":266},"end":{"line":97,"column":269}},"loc":{"start":{"line":97,"column":275},"end":{"line":97,"column":359}},"line":97},"4":{"name":"leaderBoard","decl":{"start":{"line":97,"column":530},"end":{"line":97,"column":541}},"loc":{"start":{"line":97,"column":554},"end":{"line":100,"column":137}},"line":97},"5":{"name":"shuffle","decl":{"start":{"line":101,"column":9},"end":{"line":101,"column":16}},"loc":{"start":{"line":101,"column":34},"end":{"line":104,"column":145}},"line":101},"6":{"name":"sendDataToAPI","decl":{"start":{"line":104,"column":154},"end":{"line":104,"column":167}},"loc":{"start":{"line":104,"column":180},"end":{"line":113,"column":1}},"line":104}},"branchMap":{"0":{"loc":{"start":{"line":97,"column":127},"end":{"line":97,"column":162}},"type":"if","locations":[{"start":{"line":97,"column":127},"end":{"line":97,"column":162}},{"start":{"line":97,"column":127},"end":{"line":97,"column":162}}],"line":97},"1":{"loc":{"start":{"line":97,"column":162},"end":{"line":97,"column":197}},"type":"if","locations":[{"start":{"line":97,"column":162},"end":{"line":97,"column":197}},{"start":{"line":97,"column":162},"end":{"line":97,"column":197}}],"line":97},"2":{"loc":{"start":{"line":97,"column":305},"end":{"line":97,"column":357}},"type":"cond-expr","locations":[{"start":{"line":97,"column":354},"end":{"line":97,"column":357}}],"line":97}},"s":{"0":1,"1":1,"2":1,"3":1,"4":1,"5":1,"6":0,"7":0,"8":0,"9":0,"10":0,"11":0,"12":0,"13":0,"14":0,"15":0,"16":0,"17":0,"18":0,"19":0,"20":0,"21":0,"22":0,"23":0,"24":0,"25":0,"26":0,"27":0,"28":0,"29":0,"30":0,"31":0,"32":0},"f":{"0":0,"1":0,"2":0,"3":0,"4":0,"5":0,"6":0},"b":{"0":[0,0],"1":[0,0],"2":[0]},"_coverageSchema":"332fd63041d2c1bcb487cc26dd0d5f7d97098a6c","hash":"ec3c5d10126acaa30a2622840499fb616a4fe3e6"}
,"C:\\Work\\RSS\\private\\Nadya-Ponka-2018Q1\\match-match-game-react\\src\\actions\\actionTypes.js": {"path":"C:\\Work\\RSS\\private\\Nadya-Ponka-2018Q1\\match-match-game-react\\src\\actions\\actionTypes.js","statementMap":{"0":{"start":{"line":1,"column":39},"end":{"line":1,"column":101}},"1":{"start":{"line":1,"column":101},"end":{"line":1,"column":327}},"2":{"start":{"line":14,"column":47},"end":{"line":16,"column":23}},"3":{"start":{"line":19,"column":53},"end":{"line":21,"column":26}},"4":{"start":{"line":24,"column":46},"end":{"line":26,"column":24}},"5":{"start":{"line":29,"column":43},"end":{"line":31,"column":37}},"6":{"start":{"line":34,"column":42},"end":{"line":36,"column":37}},"7":{"start":{"line":39,"column":41},"end":{"line":41,"column":33}},"8":{"start":{"line":44,"column":43},"end":{"line":46,"column":26}},"9":{"start":{"line":49,"column":51},"end":{"line":51,"column":26}},"10":{"start":{"line":54,"column":48},"end":{"line":54,"column":274}}},"fnMap":{"0":{"name":"chooseBackCard","decl":{"start":{"line":14,"column":81},"end":{"line":14,"column":95}},"loc":{"start":{"line":14,"column":126},"end":{"line":16,"column":23}},"line":14},"1":{"name":"chooseGameDifficulty","decl":{"start":{"line":19,"column":93},"end":{"line":19,"column":113}},"loc":{"start":{"line":19,"column":147},"end":{"line":21,"column":26}},"line":19},"2":{"name":"makeCardArray","decl":{"start":{"line":24,"column":79},"end":{"line":24,"column":92}},"loc":{"start":{"line":24,"column":124},"end":{"line":26,"column":24}},"line":24},"3":{"name":"startTimer","decl":{"start":{"line":29,"column":73},"end":{"line":29,"column":83}},"loc":{"start":{"line":29,"column":112},"end":{"line":31,"column":37}},"line":29},"4":{"name":"stopTimer","decl":{"start":{"line":34,"column":71},"end":{"line":34,"column":80}},"loc":{"start":{"line":34,"column":109},"end":{"line":36,"column":37}},"line":34},"5":{"name":"flipCard","decl":{"start":{"line":39,"column":69},"end":{"line":39,"column":77}},"loc":{"start":{"line":39,"column":118},"end":{"line":41,"column":33}},"line":39},"6":{"name":"matchFound","decl":{"start":{"line":44,"column":73},"end":{"line":44,"column":83}},"loc":{"start":{"line":44,"column":117},"end":{"line":46,"column":26}},"line":44},"7":{"name":"setLastFlippedCard","decl":{"start":{"line":49,"column":89},"end":{"line":49,"column":107}},"loc":{"start":{"line":49,"column":141},"end":{"line":51,"column":26}},"line":49},"8":{"name":"showLeaderBoard","decl":{"start":{"line":54,"column":83},"end":{"line":54,"column":98}},"loc":{"start":{"line":54,"column":135},"end":{"line":54,"column":274}},"line":54}},"branchMap":{},"s":{"0":3,"1":3,"2":3,"3":3,"4":3,"5":3,"6":3,"7":3,"8":3,"9":3,"10":3},"f":{"0":1,"1":0,"2":0,"3":1,"4":0,"5":0,"6":0,"7":0,"8":0},"b":{},"_coverageSchema":"332fd63041d2c1bcb487cc26dd0d5f7d97098a6c","hash":"407343995c7a9f6d224c8497bb3f40f52f0e4c02"}
,"C:\\Work\\RSS\\private\\Nadya-Ponka-2018Q1\\match-match-game-react\\src\\components\\Button.js": {"path":"C:\\Work\\RSS\\private\\Nadya-Ponka-2018Q1\\match-match-game-react\\src\\components\\Button.js","statementMap":{"0":{"start":{"line":1,"column":39},"end":{"line":1,"column":101}},"1":{"start":{"line":1,"column":120},"end":{"line":1,"column":649}},"2":{"start":{"line":1,"column":175},"end":{"line":1,"column":440}},"3":{"start":{"line":1,"column":232},"end":{"line":1,"column":240}},"4":{"start":{"line":1,"column":241},"end":{"line":1,"column":296}},"5":{"start":{"line":1,"column":296},"end":{"line":1,"column":327}},"6":{"start":{"line":1,"column":327},"end":{"line":1,"column":381}},"7":{"start":{"line":1,"column":354},"end":{"line":1,"column":381}},"8":{"start":{"line":1,"column":381},"end":{"line":1,"column":439}},"9":{"start":{"line":1,"column":441},"end":{"line":1,"column":646}},"10":{"start":{"line":1,"column":497},"end":{"line":1,"column":565}},"11":{"start":{"line":1,"column":513},"end":{"line":1,"column":565}},"12":{"start":{"line":1,"column":565},"end":{"line":1,"column":625}},"13":{"start":{"line":1,"column":582},"end":{"line":1,"column":625}},"14":{"start":{"line":1,"column":625},"end":{"line":1,"column":644}},"15":{"start":{"line":1,"column":816},"end":{"line":1,"column":870}},"16":{"start":{"line":1,"column":920},"end":{"line":1,"column":1019}},"17":{"start":{"line":1,"column":961},"end":{"line":1,"column":1018}},"18":{"start":{"line":1,"column":1069},"end":{"line":1,"column":1168}},"19":{"start":{"line":1,"column":1081},"end":{"line":1,"column":1167}},"20":{"start":{"line":1,"column":1168},"end":{"line":1,"column":1254}},"21":{"start":{"line":1,"column":1297},"end":{"line":1,"column":1460}},"22":{"start":{"line":1,"column":1359},"end":{"line":1,"column":1459}},"23":{"start":{"line":1,"column":1460},"end":{"line":1,"column":1624}},"24":{"start":{"line":1,"column":1624},"end":{"line":1,"column":1742}},"25":{"start":{"line":1,"column":1640},"end":{"line":1,"column":1742}},"26":{"start":{"line":3,"column":9},"end":{"line":10,"column":110}},"27":{"start":{"line":3,"column":38},"end":{"line":3,"column":74}},"28":{"start":{"line":3,"column":93},"end":{"line":3,"column":123}},"29":{"start":{"line":3,"column":123},"end":{"line":3,"column":239}},"30":{"start":{"line":3,"column":240},"end":{"line":10,"column":14}},"31":{"start":{"line":5,"column":12},"end":{"line":7,"column":38}},"32":{"start":{"line":10,"column":14},"end":{"line":10,"column":28}},"33":{"start":{"line":13,"column":0},"end":{"line":13,"column":40}}},"fnMap":{"0":{"name":"(anonymous_0)","decl":{"start":{"line":1,"column":120},"end":{"line":1,"column":121}},"loc":{"start":{"line":1,"column":132},"end":{"line":1,"column":647}},"line":1},"1":{"name":"defineProperties","decl":{"start":{"line":1,"column":142},"end":{"line":1,"column":158}},"loc":{"start":{"line":1,"column":174},"end":{"line":1,"column":441}},"line":1},"2":{"name":"(anonymous_2)","decl":{"start":{"line":1,"column":448},"end":{"line":1,"column":449}},"loc":{"start":{"line":1,"column":496},"end":{"line":1,"column":645}},"line":1},"3":{"name":"_interopRequireDefault","decl":{"start":{"line":1,"column":787},"end":{"line":1,"column":809}},"loc":{"start":{"line":1,"column":815},"end":{"line":1,"column":871}},"line":1},"4":{"name":"_classCallCheck","decl":{"start":{"line":1,"column":880},"end":{"line":1,"column":895}},"loc":{"start":{"line":1,"column":919},"end":{"line":1,"column":1020}},"line":1},"5":{"name":"_possibleConstructorReturn","decl":{"start":{"line":1,"column":1029},"end":{"line":1,"column":1055}},"loc":{"start":{"line":1,"column":1068},"end":{"line":1,"column":1255}},"line":1},"6":{"name":"_inherits","decl":{"start":{"line":1,"column":1264},"end":{"line":1,"column":1273}},"loc":{"start":{"line":1,"column":1296},"end":{"line":1,"column":1743}},"line":1},"7":{"name":"(anonymous_7)","decl":{"start":{"line":3,"column":9},"end":{"line":3,"column":10}},"loc":{"start":{"line":3,"column":37},"end":{"line":10,"column":29}},"line":3},"8":{"name":"Button","decl":{"start":{"line":3,"column":83},"end":{"line":3,"column":89}},"loc":{"start":{"line":3,"column":92},"end":{"line":3,"column":240}},"line":3},"9":{"name":"render","decl":{"start":{"line":3,"column":295},"end":{"line":3,"column":301}},"loc":{"start":{"line":4,"column":8},"end":{"line":10,"column":9}},"line":4}},"branchMap":{"0":{"loc":{"start":{"line":1,"column":265},"end":{"line":1,"column":295}},"type":"binary-expr","locations":[{"start":{"line":1,"column":265},"end":{"line":1,"column":286}},{"start":{"line":1,"column":290},"end":{"line":1,"column":295}}],"line":1},"1":{"loc":{"start":{"line":1,"column":327},"end":{"line":1,"column":381}},"type":"if","locations":[{"start":{"line":1,"column":327},"end":{"line":1,"column":381}},{"start":{"line":1,"column":327},"end":{"line":1,"column":381}}],"line":1},"2":{"loc":{"start":{"line":1,"column":497},"end":{"line":1,"column":565}},"type":"if","locations":[{"start":{"line":1,"column":497},"end":{"line":1,"column":565}},{"start":{"line":1,"column":497},"end":{"line":1,"column":565}}],"line":1},"3":{"loc":{"start":{"line":1,"column":565},"end":{"line":1,"column":625}},"type":"if","locations":[{"start":{"line":1,"column":565},"end":{"line":1,"column":625}},{"start":{"line":1,"column":565},"end":{"line":1,"column":625}}],"line":1},"4":{"loc":{"start":{"line":1,"column":823},"end":{"line":1,"column":869}},"type":"cond-expr","locations":[{"start":{"line":1,"column":847},"end":{"line":1,"column":850}},{"start":{"line":1,"column":853},"end":{"line":1,"column":869}}],"line":1},"5":{"loc":{"start":{"line":1,"column":823},"end":{"line":1,"column":844}},"type":"binary-expr","locations":[{"start":{"line":1,"column":823},"end":{"line":1,"column":826}},{"start":{"line":1,"column":830},"end":{"line":1,"column":844}}],"line":1},"6":{"loc":{"start":{"line":1,"column":920},"end":{"line":1,"column":1019}},"type":"if","locations":[{"start":{"line":1,"column":920},"end":{"line":1,"column":1019}},{"start":{"line":1,"column":920},"end":{"line":1,"column":1019}}],"line":1},"7":{"loc":{"start":{"line":1,"column":1069},"end":{"line":1,"column":1168}},"type":"if","locations":[{"start":{"line":1,"column":1069},"end":{"line":1,"column":1168}},{"start":{"line":1,"column":1069},"end":{"line":1,"column":1168}}],"line":1},"8":{"loc":{"start":{"line":1,"column":1175},"end":{"line":1,"column":1253}},"type":"cond-expr","locations":[{"start":{"line":1,"column":1242},"end":{"line":1,"column":1246}},{"start":{"line":1,"column":1249},"end":{"line":1,"column":1253}}],"line":1},"9":{"loc":{"start":{"line":1,"column":1175},"end":{"line":1,"column":1239}},"type":"binary-expr","locations":[{"start":{"line":1,"column":1175},"end":{"line":1,"column":1179}},{"start":{"line":1,"column":1184},"end":{"line":1,"column":1208}},{"start":{"line":1,"column":1212},"end":{"line":1,"column":1238}}],"line":1},"10":{"loc":{"start":{"line":1,"column":1297},"end":{"line":1,"column":1460}},"type":"if","locations":[{"start":{"line":1,"column":1297},"end":{"line":1,"column":1460}},{"start":{"line":1,"column":1297},"end":{"line":1,"column":1460}}],"line":1},"11":{"loc":{"start":{"line":1,"column":1301},"end":{"line":1,"column":1356}},"type":"binary-expr","locations":[{"start":{"line":1,"column":1301},"end":{"line":1,"column":1333}},{"start":{"line":1,"column":1337},"end":{"line":1,"column":1356}}],"line":1},"12":{"loc":{"start":{"line":1,"column":1495},"end":{"line":1,"column":1529}},"type":"binary-expr","locations":[{"start":{"line":1,"column":1495},"end":{"line":1,"column":1505}},{"start":{"line":1,"column":1509},"end":{"line":1,"column":1529}}],"line":1},"13":{"loc":{"start":{"line":1,"column":1624},"end":{"line":1,"column":1742}},"type":"if","locations":[{"start":{"line":1,"column":1624},"end":{"line":1,"column":1742}},{"start":{"line":1,"column":1624},"end":{"line":1,"column":1742}}],"line":1},"14":{"loc":{"start":{"line":1,"column":1640},"end":{"line":1,"column":1741}},"type":"cond-expr","locations":[{"start":{"line":1,"column":1664},"end":{"line":1,"column":1707}},{"start":{"line":1,"column":1710},"end":{"line":1,"column":1741}}],"line":1},"15":{"loc":{"start":{"line":3,"column":164},"end":{"line":3,"column":213}},"type":"binary-expr","locations":[{"start":{"line":3,"column":164},"end":{"line":3,"column":180}},{"start":{"line":3,"column":184},"end":{"line":3,"column":213}}],"line":3}},"s":{"0":2,"1":2,"2":2,"3":2,"4":2,"5":2,"6":2,"7":2,"8":2,"9":2,"10":2,"11":2,"12":2,"13":0,"14":2,"15":2,"16":0,"17":0,"18":0,"19":0,"20":0,"21":2,"22":0,"23":2,"24":2,"25":2,"26":2,"27":2,"28":0,"29":0,"30":2,"31":0,"32":2,"33":2},"f":{"0":2,"1":2,"2":2,"3":2,"4":0,"5":0,"6":2,"7":2,"8":0,"9":0},"b":{"0":[2,2],"1":[2,0],"2":[2,0],"3":[0,2],"4":[0,2],"5":[2,2],"6":[0,0],"7":[0,0],"8":[0,0],"9":[0,0,0],"10":[0,2],"11":[2,0],"12":[2,2],"13":[2,0],"14":[2,0],"15":[0,0]},"_coverageSchema":"332fd63041d2c1bcb487cc26dd0d5f7d97098a6c","hash":"e940d08a2014c55ebba8358d897351666f046233"}
,"C:\\Work\\RSS\\private\\Nadya-Ponka-2018Q1\\match-match-game-react\\src\\components\\Something.js": {"path":"C:\\Work\\RSS\\private\\Nadya-Ponka-2018Q1\\match-match-game-react\\src\\components\\Something.js","statementMap":{"0":{"start":{"line":1,"column":39},"end":{"line":1,"column":101}},"1":{"start":{"line":1,"column":120},"end":{"line":1,"column":649}},"2":{"start":{"line":1,"column":175},"end":{"line":1,"column":440}},"3":{"start":{"line":1,"column":232},"end":{"line":1,"column":240}},"4":{"start":{"line":1,"column":241},"end":{"line":1,"column":296}},"5":{"start":{"line":1,"column":296},"end":{"line":1,"column":327}},"6":{"start":{"line":1,"column":327},"end":{"line":1,"column":381}},"7":{"start":{"line":1,"column":354},"end":{"line":1,"column":381}},"8":{"start":{"line":1,"column":381},"end":{"line":1,"column":439}},"9":{"start":{"line":1,"column":441},"end":{"line":1,"column":646}},"10":{"start":{"line":1,"column":497},"end":{"line":1,"column":565}},"11":{"start":{"line":1,"column":513},"end":{"line":1,"column":565}},"12":{"start":{"line":1,"column":565},"end":{"line":1,"column":625}},"13":{"start":{"line":1,"column":582},"end":{"line":1,"column":625}},"14":{"start":{"line":1,"column":625},"end":{"line":1,"column":644}},"15":{"start":{"line":1,"column":816},"end":{"line":1,"column":870}},"16":{"start":{"line":1,"column":920},"end":{"line":1,"column":1019}},"17":{"start":{"line":1,"column":961},"end":{"line":1,"column":1018}},"18":{"start":{"line":1,"column":1069},"end":{"line":1,"column":1168}},"19":{"start":{"line":1,"column":1081},"end":{"line":1,"column":1167}},"20":{"start":{"line":1,"column":1168},"end":{"line":1,"column":1254}},"21":{"start":{"line":1,"column":1297},"end":{"line":1,"column":1460}},"22":{"start":{"line":1,"column":1359},"end":{"line":1,"column":1459}},"23":{"start":{"line":1,"column":1460},"end":{"line":1,"column":1624}},"24":{"start":{"line":1,"column":1624},"end":{"line":1,"column":1742}},"25":{"start":{"line":1,"column":1640},"end":{"line":1,"column":1742}},"26":{"start":{"line":3,"column":12},"end":{"line":16,"column":113}},"27":{"start":{"line":3,"column":41},"end":{"line":3,"column":80}},"28":{"start":{"line":3,"column":102},"end":{"line":3,"column":135}},"29":{"start":{"line":3,"column":135},"end":{"line":3,"column":257}},"30":{"start":{"line":3,"column":258},"end":{"line":16,"column":14}},"31":{"start":{"line":5,"column":12},"end":{"line":6,"column":666}},"32":{"start":{"line":16,"column":14},"end":{"line":16,"column":31}}},"fnMap":{"0":{"name":"(anonymous_0)","decl":{"start":{"line":1,"column":120},"end":{"line":1,"column":121}},"loc":{"start":{"line":1,"column":132},"end":{"line":1,"column":647}},"line":1},"1":{"name":"defineProperties","decl":{"start":{"line":1,"column":142},"end":{"line":1,"column":158}},"loc":{"start":{"line":1,"column":174},"end":{"line":1,"column":441}},"line":1},"2":{"name":"(anonymous_2)","decl":{"start":{"line":1,"column":448},"end":{"line":1,"column":449}},"loc":{"start":{"line":1,"column":496},"end":{"line":1,"column":645}},"line":1},"3":{"name":"_interopRequireDefault","decl":{"start":{"line":1,"column":787},"end":{"line":1,"column":809}},"loc":{"start":{"line":1,"column":815},"end":{"line":1,"column":871}},"line":1},"4":{"name":"_classCallCheck","decl":{"start":{"line":1,"column":880},"end":{"line":1,"column":895}},"loc":{"start":{"line":1,"column":919},"end":{"line":1,"column":1020}},"line":1},"5":{"name":"_possibleConstructorReturn","decl":{"start":{"line":1,"column":1029},"end":{"line":1,"column":1055}},"loc":{"start":{"line":1,"column":1068},"end":{"line":1,"column":1255}},"line":1},"6":{"name":"_inherits","decl":{"start":{"line":1,"column":1264},"end":{"line":1,"column":1273}},"loc":{"start":{"line":1,"column":1296},"end":{"line":1,"column":1743}},"line":1},"7":{"name":"(anonymous_7)","decl":{"start":{"line":3,"column":12},"end":{"line":3,"column":13}},"loc":{"start":{"line":3,"column":40},"end":{"line":16,"column":32}},"line":3},"8":{"name":"Something","decl":{"start":{"line":3,"column":89},"end":{"line":3,"column":98}},"loc":{"start":{"line":3,"column":101},"end":{"line":3,"column":258}},"line":3},"9":{"name":"render","decl":{"start":{"line":3,"column":316},"end":{"line":3,"column":322}},"loc":{"start":{"line":4,"column":8},"end":{"line":16,"column":9}},"line":4}},"branchMap":{"0":{"loc":{"start":{"line":1,"column":265},"end":{"line":1,"column":295}},"type":"binary-expr","locations":[{"start":{"line":1,"column":265},"end":{"line":1,"column":286}},{"start":{"line":1,"column":290},"end":{"line":1,"column":295}}],"line":1},"1":{"loc":{"start":{"line":1,"column":327},"end":{"line":1,"column":381}},"type":"if","locations":[{"start":{"line":1,"column":327},"end":{"line":1,"column":381}},{"start":{"line":1,"column":327},"end":{"line":1,"column":381}}],"line":1},"2":{"loc":{"start":{"line":1,"column":497},"end":{"line":1,"column":565}},"type":"if","locations":[{"start":{"line":1,"column":497},"end":{"line":1,"column":565}},{"start":{"line":1,"column":497},"end":{"line":1,"column":565}}],"line":1},"3":{"loc":{"start":{"line":1,"column":565},"end":{"line":1,"column":625}},"type":"if","locations":[{"start":{"line":1,"column":565},"end":{"line":1,"column":625}},{"start":{"line":1,"column":565},"end":{"line":1,"column":625}}],"line":1},"4":{"loc":{"start":{"line":1,"column":823},"end":{"line":1,"column":869}},"type":"cond-expr","locations":[{"start":{"line":1,"column":847},"end":{"line":1,"column":850}},{"start":{"line":1,"column":853},"end":{"line":1,"column":869}}],"line":1},"5":{"loc":{"start":{"line":1,"column":823},"end":{"line":1,"column":844}},"type":"binary-expr","locations":[{"start":{"line":1,"column":823},"end":{"line":1,"column":826}},{"start":{"line":1,"column":830},"end":{"line":1,"column":844}}],"line":1},"6":{"loc":{"start":{"line":1,"column":920},"end":{"line":1,"column":1019}},"type":"if","locations":[{"start":{"line":1,"column":920},"end":{"line":1,"column":1019}},{"start":{"line":1,"column":920},"end":{"line":1,"column":1019}}],"line":1},"7":{"loc":{"start":{"line":1,"column":1069},"end":{"line":1,"column":1168}},"type":"if","locations":[{"start":{"line":1,"column":1069},"end":{"line":1,"column":1168}},{"start":{"line":1,"column":1069},"end":{"line":1,"column":1168}}],"line":1},"8":{"loc":{"start":{"line":1,"column":1175},"end":{"line":1,"column":1253}},"type":"cond-expr","locations":[{"start":{"line":1,"column":1242},"end":{"line":1,"column":1246}},{"start":{"line":1,"column":1249},"end":{"line":1,"column":1253}}],"line":1},"9":{"loc":{"start":{"line":1,"column":1175},"end":{"line":1,"column":1239}},"type":"binary-expr","locations":[{"start":{"line":1,"column":1175},"end":{"line":1,"column":1179}},{"start":{"line":1,"column":1184},"end":{"line":1,"column":1208}},{"start":{"line":1,"column":1212},"end":{"line":1,"column":1238}}],"line":1},"10":{"loc":{"start":{"line":1,"column":1297},"end":{"line":1,"column":1460}},"type":"if","locations":[{"start":{"line":1,"column":1297},"end":{"line":1,"column":1460}},{"start":{"line":1,"column":1297},"end":{"line":1,"column":1460}}],"line":1},"11":{"loc":{"start":{"line":1,"column":1301},"end":{"line":1,"column":1356}},"type":"binary-expr","locations":[{"start":{"line":1,"column":1301},"end":{"line":1,"column":1333}},{"start":{"line":1,"column":1337},"end":{"line":1,"column":1356}}],"line":1},"12":{"loc":{"start":{"line":1,"column":1495},"end":{"line":1,"column":1529}},"type":"binary-expr","locations":[{"start":{"line":1,"column":1495},"end":{"line":1,"column":1505}},{"start":{"line":1,"column":1509},"end":{"line":1,"column":1529}}],"line":1},"13":{"loc":{"start":{"line":1,"column":1624},"end":{"line":1,"column":1742}},"type":"if","locations":[{"start":{"line":1,"column":1624},"end":{"line":1,"column":1742}},{"start":{"line":1,"column":1624},"end":{"line":1,"column":1742}}],"line":1},"14":{"loc":{"start":{"line":1,"column":1640},"end":{"line":1,"column":1741}},"type":"cond-expr","locations":[{"start":{"line":1,"column":1664},"end":{"line":1,"column":1707}},{"start":{"line":1,"column":1710},"end":{"line":1,"column":1741}}],"line":1},"15":{"loc":{"start":{"line":3,"column":176},"end":{"line":3,"column":231}},"type":"binary-expr","locations":[{"start":{"line":3,"column":176},"end":{"line":3,"column":195}},{"start":{"line":3,"column":199},"end":{"line":3,"column":231}}],"line":3}},"s":{"0":2,"1":2,"2":2,"3":2,"4":2,"5":2,"6":2,"7":2,"8":2,"9":2,"10":2,"11":2,"12":2,"13":0,"14":2,"15":2,"16":1,"17":0,"18":1,"19":0,"20":1,"21":2,"22":0,"23":2,"24":2,"25":2,"26":2,"27":2,"28":1,"29":1,"30":2,"31":1,"32":2},"f":{"0":2,"1":2,"2":2,"3":2,"4":1,"5":1,"6":2,"7":2,"8":1,"9":1},"b":{"0":[2,2],"1":[2,0],"2":[2,0],"3":[0,2],"4":[0,2],"5":[2,2],"6":[0,1],"7":[0,1],"8":[0,1],"9":[1,0,0],"10":[0,2],"11":[2,0],"12":[2,2],"13":[2,0],"14":[2,0],"15":[1,0]},"_coverageSchema":"332fd63041d2c1bcb487cc26dd0d5f7d97098a6c","hash":"94b6ac4cebd39faf182647f52ae78dc473b22453"}
,"C:\\Work\\RSS\\private\\Nadya-Ponka-2018Q1\\match-match-game-react\\src\\components\\Timer.js": {"path":"C:\\Work\\RSS\\private\\Nadya-Ponka-2018Q1\\match-match-game-react\\src\\components\\Timer.js","statementMap":{"0":{"start":{"line":1,"column":39},"end":{"line":1,"column":101}},"1":{"start":{"line":1,"column":120},"end":{"line":1,"column":649}},"2":{"start":{"line":1,"column":175},"end":{"line":1,"column":440}},"3":{"start":{"line":1,"column":232},"end":{"line":1,"column":240}},"4":{"start":{"line":1,"column":241},"end":{"line":1,"column":296}},"5":{"start":{"line":1,"column":296},"end":{"line":1,"column":327}},"6":{"start":{"line":1,"column":327},"end":{"line":1,"column":381}},"7":{"start":{"line":1,"column":354},"end":{"line":1,"column":381}},"8":{"start":{"line":1,"column":381},"end":{"line":1,"column":439}},"9":{"start":{"line":1,"column":441},"end":{"line":1,"column":646}},"10":{"start":{"line":1,"column":497},"end":{"line":1,"column":565}},"11":{"start":{"line":1,"column":513},"end":{"line":1,"column":565}},"12":{"start":{"line":1,"column":565},"end":{"line":1,"column":625}},"13":{"start":{"line":1,"column":582},"end":{"line":1,"column":625}},"14":{"start":{"line":1,"column":625},"end":{"line":1,"column":644}},"15":{"start":{"line":5,"column":228},"end":{"line":5,"column":327}},"16":{"start":{"line":5,"column":269},"end":{"line":5,"column":326}},"17":{"start":{"line":5,"column":377},"end":{"line":5,"column":476}},"18":{"start":{"line":5,"column":389},"end":{"line":5,"column":475}},"19":{"start":{"line":5,"column":476},"end":{"line":5,"column":562}},"20":{"start":{"line":5,"column":605},"end":{"line":5,"column":768}},"21":{"start":{"line":5,"column":667},"end":{"line":5,"column":767}},"22":{"start":{"line":5,"column":768},"end":{"line":5,"column":932}},"23":{"start":{"line":5,"column":932},"end":{"line":5,"column":1050}},"24":{"start":{"line":5,"column":948},"end":{"line":5,"column":1050}},"25":{"start":{"line":8,"column":4},"end":{"line":10,"column":5}},"26":{"start":{"line":9,"column":8},"end":{"line":9,"column":17}},"27":{"start":{"line":11,"column":4},"end":{"line":11,"column":54}},"28":{"start":{"line":39,"column":4},"end":{"line":39,"column":58}}},"fnMap":{"0":{"name":"(anonymous_0)","decl":{"start":{"line":1,"column":120},"end":{"line":1,"column":121}},"loc":{"start":{"line":1,"column":132},"end":{"line":1,"column":647}},"line":1},"1":{"name":"defineProperties","decl":{"start":{"line":1,"column":142},"end":{"line":1,"column":158}},"loc":{"start":{"line":1,"column":174},"end":{"line":1,"column":441}},"line":1},"2":{"name":"(anonymous_2)","decl":{"start":{"line":1,"column":448},"end":{"line":1,"column":449}},"loc":{"start":{"line":1,"column":496},"end":{"line":1,"column":645}},"line":1},"3":{"name":"_classCallCheck","decl":{"start":{"line":5,"column":188},"end":{"line":5,"column":203}},"loc":{"start":{"line":5,"column":227},"end":{"line":5,"column":328}},"line":5},"4":{"name":"_possibleConstructorReturn","decl":{"start":{"line":5,"column":337},"end":{"line":5,"column":363}},"loc":{"start":{"line":5,"column":376},"end":{"line":5,"column":563}},"line":5},"5":{"name":"_inherits","decl":{"start":{"line":5,"column":572},"end":{"line":5,"column":581}},"loc":{"start":{"line":5,"column":604},"end":{"line":5,"column":1051}},"line":5},"6":{"name":"getElapsedTime","decl":{"start":{"line":7,"column":9},"end":{"line":7,"column":23}},"loc":{"start":{"line":7,"column":46},"end":{"line":12,"column":1}},"line":7},"7":{"name":"mapStateToProps","decl":{"start":{"line":37,"column":9},"end":{"line":37,"column":24}},"loc":{"start":{"line":37,"column":32},"end":{"line":40,"column":1}},"line":37}},"branchMap":{"0":{"loc":{"start":{"line":1,"column":265},"end":{"line":1,"column":295}},"type":"binary-expr","locations":[{"start":{"line":1,"column":265},"end":{"line":1,"column":286}},{"start":{"line":1,"column":290},"end":{"line":1,"column":295}}],"line":1},"1":{"loc":{"start":{"line":1,"column":327},"end":{"line":1,"column":381}},"type":"if","locations":[{"start":{"line":1,"column":327},"end":{"line":1,"column":381}},{"start":{"line":1,"column":327},"end":{"line":1,"column":381}}],"line":1},"2":{"loc":{"start":{"line":1,"column":497},"end":{"line":1,"column":565}},"type":"if","locations":[{"start":{"line":1,"column":497},"end":{"line":1,"column":565}},{"start":{"line":1,"column":497},"end":{"line":1,"column":565}}],"line":1},"3":{"loc":{"start":{"line":1,"column":565},"end":{"line":1,"column":625}},"type":"if","locations":[{"start":{"line":1,"column":565},"end":{"line":1,"column":625}},{"start":{"line":1,"column":565},"end":{"line":1,"column":625}}],"line":1},"4":{"loc":{"start":{"line":5,"column":228},"end":{"line":5,"column":327}},"type":"if","locations":[{"start":{"line":5,"column":228},"end":{"line":5,"column":327}},{"start":{"line":5,"column":228},"end":{"line":5,"column":327}}],"line":5},"5":{"loc":{"start":{"line":5,"column":377},"end":{"line":5,"column":476}},"type":"if","locations":[{"start":{"line":5,"column":377},"end":{"line":5,"column":476}},{"start":{"line":5,"column":377},"end":{"line":5,"column":476}}],"line":5},"6":{"loc":{"start":{"line":5,"column":483},"end":{"line":5,"column":561}},"type":"cond-expr","locations":[{"start":{"line":5,"column":550},"end":{"line":5,"column":554}},{"start":{"line":5,"column":557},"end":{"line":5,"column":561}}],"line":5},"7":{"loc":{"start":{"line":5,"column":483},"end":{"line":5,"column":547}},"type":"binary-expr","locations":[{"start":{"line":5,"column":483},"end":{"line":5,"column":487}},{"start":{"line":5,"column":492},"end":{"line":5,"column":516}},{"start":{"line":5,"column":520},"end":{"line":5,"column":546}}],"line":5},"8":{"loc":{"start":{"line":5,"column":605},"end":{"line":5,"column":768}},"type":"if","locations":[{"start":{"line":5,"column":605},"end":{"line":5,"column":768}},{"start":{"line":5,"column":605},"end":{"line":5,"column":768}}],"line":5},"9":{"loc":{"start":{"line":5,"column":609},"end":{"line":5,"column":664}},"type":"binary-expr","locations":[{"start":{"line":5,"column":609},"end":{"line":5,"column":641}},{"start":{"line":5,"column":645},"end":{"line":5,"column":664}}],"line":5},"10":{"loc":{"start":{"line":5,"column":803},"end":{"line":5,"column":837}},"type":"binary-expr","locations":[{"start":{"line":5,"column":803},"end":{"line":5,"column":813}},{"start":{"line":5,"column":817},"end":{"line":5,"column":837}}],"line":5},"11":{"loc":{"start":{"line":5,"column":932},"end":{"line":5,"column":1050}},"type":"if","locations":[{"start":{"line":5,"column":932},"end":{"line":5,"column":1050}},{"start":{"line":5,"column":932},"end":{"line":5,"column":1050}}],"line":5},"12":{"loc":{"start":{"line":5,"column":948},"end":{"line":5,"column":1049}},"type":"cond-expr","locations":[{"start":{"line":5,"column":972},"end":{"line":5,"column":1015}},{"start":{"line":5,"column":1018},"end":{"line":5,"column":1049}}],"line":5},"13":{"loc":{"start":{"line":8,"column":4},"end":{"line":10,"column":5}},"type":"if","locations":[{"start":{"line":8,"column":4},"end":{"line":10,"column":5}},{"start":{"line":8,"column":4},"end":{"line":10,"column":5}}],"line":8}},"s":{"0":1,"1":1,"2":1,"3":3,"4":3,"5":3,"6":3,"7":3,"8":3,"9":1,"10":1,"11":1,"12":1,"13":0,"14":1,"15":0,"16":0,"17":0,"18":0,"19":0,"20":1,"21":0,"22":1,"23":1,"24":1,"25":0,"26":0,"27":0,"28":0},"f":{"0":1,"1":1,"2":1,"3":0,"4":0,"5":1,"6":0,"7":0},"b":{"0":[3,3],"1":[3,0],"2":[1,0],"3":[0,1],"4":[0,0],"5":[0,0],"6":[0,0],"7":[0,0,0],"8":[0,1],"9":[1,0],"10":[1,1],"11":[1,0],"12":[1,0],"13":[0,0]},"_coverageSchema":"332fd63041d2c1bcb487cc26dd0d5f7d97098a6c","hash":"61e39d6cf337889bdd4681199c2f3a33430896bd"}
,"C:\\Work\\RSS\\private\\Nadya-Ponka-2018Q1\\match-match-game-react\\src\\components\\card\\Card.js": {"path":"C:\\Work\\RSS\\private\\Nadya-Ponka-2018Q1\\match-match-game-react\\src\\components\\card\\Card.js","statementMap":{"0":{"start":{"line":1,"column":39},"end":{"line":1,"column":101}},"1":{"start":{"line":1,"column":120},"end":{"line":1,"column":649}},"2":{"start":{"line":1,"column":175},"end":{"line":1,"column":440}},"3":{"start":{"line":1,"column":232},"end":{"line":1,"column":240}},"4":{"start":{"line":1,"column":241},"end":{"line":1,"column":296}},"5":{"start":{"line":1,"column":296},"end":{"line":1,"column":327}},"6":{"start":{"line":1,"column":327},"end":{"line":1,"column":381}},"7":{"start":{"line":1,"column":354},"end":{"line":1,"column":381}},"8":{"start":{"line":1,"column":381},"end":{"line":1,"column":439}},"9":{"start":{"line":1,"column":441},"end":{"line":1,"column":646}},"10":{"start":{"line":1,"column":497},"end":{"line":1,"column":565}},"11":{"start":{"line":1,"column":513},"end":{"line":1,"column":565}},"12":{"start":{"line":1,"column":565},"end":{"line":1,"column":625}},"13":{"start":{"line":1,"column":582},"end":{"line":1,"column":625}},"14":{"start":{"line":1,"column":625},"end":{"line":1,"column":644}},"15":{"start":{"line":2,"column":186},"end":{"line":2,"column":240}},"16":{"start":{"line":2,"column":290},"end":{"line":2,"column":389}},"17":{"start":{"line":2,"column":331},"end":{"line":2,"column":388}},"18":{"start":{"line":2,"column":439},"end":{"line":2,"column":538}},"19":{"start":{"line":2,"column":451},"end":{"line":2,"column":537}},"20":{"start":{"line":2,"column":538},"end":{"line":2,"column":624}},"21":{"start":{"line":2,"column":667},"end":{"line":2,"column":830}},"22":{"start":{"line":2,"column":729},"end":{"line":2,"column":829}},"23":{"start":{"line":2,"column":830},"end":{"line":2,"column":994}},"24":{"start":{"line":2,"column":994},"end":{"line":2,"column":1112}},"25":{"start":{"line":2,"column":1010},"end":{"line":2,"column":1112}},"26":{"start":{"line":4,"column":7},"end":{"line":36,"column":108}},"27":{"start":{"line":4,"column":36},"end":{"line":4,"column":70}},"28":{"start":{"line":5,"column":118},"end":{"line":6,"column":15}},"29":{"start":{"line":8,"column":5},"end":{"line":36,"column":14}},"30":{"start":{"line":11,"column":12},"end":{"line":11,"column":31}},"31":{"start":{"line":12,"column":12},"end":{"line":14,"column":13}},"32":{"start":{"line":13,"column":16},"end":{"line":13,"column":71}},"33":{"start":{"line":18,"column":52},"end":{"line":21,"column":52}},"34":{"start":{"line":24,"column":12},"end":{"line":31,"column":183}},"35":{"start":{"line":36,"column":14},"end":{"line":36,"column":26}}},"fnMap":{"0":{"name":"(anonymous_0)","decl":{"start":{"line":1,"column":120},"end":{"line":1,"column":121}},"loc":{"start":{"line":1,"column":132},"end":{"line":1,"column":647}},"line":1},"1":{"name":"defineProperties","decl":{"start":{"line":1,"column":142},"end":{"line":1,"column":158}},"loc":{"start":{"line":1,"column":174},"end":{"line":1,"column":441}},"line":1},"2":{"name":"(anonymous_2)","decl":{"start":{"line":1,"column":448},"end":{"line":1,"column":449}},"loc":{"start":{"line":1,"column":496},"end":{"line":1,"column":645}},"line":1},"3":{"name":"_interopRequireDefault","decl":{"start":{"line":2,"column":157},"end":{"line":2,"column":179}},"loc":{"start":{"line":2,"column":185},"end":{"line":2,"column":241}},"line":2},"4":{"name":"_classCallCheck","decl":{"start":{"line":2,"column":250},"end":{"line":2,"column":265}},"loc":{"start":{"line":2,"column":289},"end":{"line":2,"column":390}},"line":2},"5":{"name":"_possibleConstructorReturn","decl":{"start":{"line":2,"column":399},"end":{"line":2,"column":425}},"loc":{"start":{"line":2,"column":438},"end":{"line":2,"column":625}},"line":2},"6":{"name":"_inherits","decl":{"start":{"line":2,"column":634},"end":{"line":2,"column":643}},"loc":{"start":{"line":2,"column":666},"end":{"line":2,"column":1113}},"line":2},"7":{"name":"(anonymous_7)","decl":{"start":{"line":4,"column":7},"end":{"line":4,"column":8}},"loc":{"start":{"line":4,"column":35},"end":{"line":36,"column":27}},"line":4},"8":{"name":"Card","decl":{"start":{"line":5,"column":39},"end":{"line":5,"column":43}},"loc":{"start":{"line":5,"column":51},"end":{"line":8,"column":5}},"line":5},"9":{"name":"handleClick","decl":{"start":{"line":8,"column":63},"end":{"line":8,"column":74}},"loc":{"start":{"line":10,"column":11},"end":{"line":15,"column":9}},"line":10},"10":{"name":"render","decl":{"start":{"line":15,"column":46},"end":{"line":15,"column":52}},"loc":{"start":{"line":17,"column":8},"end":{"line":36,"column":9}},"line":17}},"branchMap":{"0":{"loc":{"start":{"line":1,"column":265},"end":{"line":1,"column":295}},"type":"binary-expr","locations":[{"start":{"line":1,"column":265},"end":{"line":1,"column":286}},{"start":{"line":1,"column":290},"end":{"line":1,"column":295}}],"line":1},"1":{"loc":{"start":{"line":1,"column":327},"end":{"line":1,"column":381}},"type":"if","locations":[{"start":{"line":1,"column":327},"end":{"line":1,"column":381}},{"start":{"line":1,"column":327},"end":{"line":1,"column":381}}],"line":1},"2":{"loc":{"start":{"line":1,"column":497},"end":{"line":1,"column":565}},"type":"if","locations":[{"start":{"line":1,"column":497},"end":{"line":1,"column":565}},{"start":{"line":1,"column":497},"end":{"line":1,"column":565}}],"line":1},"3":{"loc":{"start":{"line":1,"column":565},"end":{"line":1,"column":625}},"type":"if","locations":[{"start":{"line":1,"column":565},"end":{"line":1,"column":625}},{"start":{"line":1,"column":565},"end":{"line":1,"column":625}}],"line":1},"4":{"loc":{"start":{"line":2,"column":193},"end":{"line":2,"column":239}},"type":"cond-expr","locations":[{"start":{"line":2,"column":217},"end":{"line":2,"column":220}},{"start":{"line":2,"column":223},"end":{"line":2,"column":239}}],"line":2},"5":{"loc":{"start":{"line":2,"column":193},"end":{"line":2,"column":214}},"type":"binary-expr","locations":[{"start":{"line":2,"column":193},"end":{"line":2,"column":196}},{"start":{"line":2,"column":200},"end":{"line":2,"column":214}}],"line":2},"6":{"loc":{"start":{"line":2,"column":290},"end":{"line":2,"column":389}},"type":"if","locations":[{"start":{"line":2,"column":290},"end":{"line":2,"column":389}},{"start":{"line":2,"column":290},"end":{"line":2,"column":389}}],"line":2},"7":{"loc":{"start":{"line":2,"column":439},"end":{"line":2,"column":538}},"type":"if","locations":[{"start":{"line":2,"column":439},"end":{"line":2,"column":538}},{"start":{"line":2,"column":439},"end":{"line":2,"column":538}}],"line":2},"8":{"loc":{"start":{"line":2,"column":545},"end":{"line":2,"column":623}},"type":"cond-expr","locations":[{"start":{"line":2,"column":612},"end":{"line":2,"column":616}},{"start":{"line":2,"column":619},"end":{"line":2,"column":623}}],"line":2},"9":{"loc":{"start":{"line":2,"column":545},"end":{"line":2,"column":609}},"type":"binary-expr","locations":[{"start":{"line":2,"column":545},"end":{"line":2,"column":549}},{"start":{"line":2,"column":554},"end":{"line":2,"column":578}},{"start":{"line":2,"column":582},"end":{"line":2,"column":608}}],"line":2},"10":{"loc":{"start":{"line":2,"column":667},"end":{"line":2,"column":830}},"type":"if","locations":[{"start":{"line":2,"column":667},"end":{"line":2,"column":830}},{"start":{"line":2,"column":667},"end":{"line":2,"column":830}}],"line":2},"11":{"loc":{"start":{"line":2,"column":671},"end":{"line":2,"column":726}},"type":"binary-expr","locations":[{"start":{"line":2,"column":671},"end":{"line":2,"column":703}},{"start":{"line":2,"column":707},"end":{"line":2,"column":726}}],"line":2},"12":{"loc":{"start":{"line":2,"column":865},"end":{"line":2,"column":899}},"type":"binary-expr","locations":[{"start":{"line":2,"column":865},"end":{"line":2,"column":875}},{"start":{"line":2,"column":879},"end":{"line":2,"column":899}}],"line":2},"13":{"loc":{"start":{"line":2,"column":994},"end":{"line":2,"column":1112}},"type":"if","locations":[{"start":{"line":2,"column":994},"end":{"line":2,"column":1112}},{"start":{"line":2,"column":994},"end":{"line":2,"column":1112}}],"line":2},"14":{"loc":{"start":{"line":2,"column":1010},"end":{"line":2,"column":1111}},"type":"cond-expr","locations":[{"start":{"line":2,"column":1034},"end":{"line":2,"column":1077}},{"start":{"line":2,"column":1080},"end":{"line":2,"column":1111}}],"line":2},"15":{"loc":{"start":{"line":5,"column":152},"end":{"line":5,"column":197}},"type":"binary-expr","locations":[{"start":{"line":5,"column":152},"end":{"line":5,"column":166}},{"start":{"line":5,"column":170},"end":{"line":5,"column":197}}],"line":5},"16":{"loc":{"start":{"line":12,"column":12},"end":{"line":14,"column":13}},"type":"if","locations":[{"start":{"line":12,"column":12},"end":{"line":14,"column":13}},{"start":{"line":12,"column":12},"end":{"line":14,"column":13}}],"line":12}},"s":{"0":1,"1":1,"2":1,"3":2,"4":2,"5":2,"6":2,"7":2,"8":2,"9":1,"10":1,"11":1,"12":1,"13":0,"14":1,"15":2,"16":0,"17":0,"18":0,"19":0,"20":0,"21":1,"22":0,"23":1,"24":1,"25":1,"26":1,"27":1,"28":0,"29":1,"30":0,"31":0,"32":0,"33":0,"34":0,"35":1},"f":{"0":1,"1":1,"2":1,"3":2,"4":0,"5":0,"6":1,"7":1,"8":0,"9":0,"10":0},"b":{"0":[2,2],"1":[2,0],"2":[1,0],"3":[0,1],"4":[0,2],"5":[2,2],"6":[0,0],"7":[0,0],"8":[0,0],"9":[0,0,0],"10":[0,1],"11":[1,0],"12":[1,1],"13":[1,0],"14":[1,0],"15":[0,0],"16":[0,0]},"_coverageSchema":"332fd63041d2c1bcb487cc26dd0d5f7d97098a6c","hash":"597e5cb00521044f9d7e48ad026bce8d6a2e45a1"}
,"C:\\Work\\RSS\\private\\Nadya-Ponka-2018Q1\\match-match-game-react\\src\\components\\card\\CardsField.js": {"path":"C:\\Work\\RSS\\private\\Nadya-Ponka-2018Q1\\match-match-game-react\\src\\components\\card\\CardsField.js","statementMap":{"0":{"start":{"line":1,"column":39},"end":{"line":1,"column":101}},"1":{"start":{"line":1,"column":120},"end":{"line":1,"column":649}},"2":{"start":{"line":1,"column":175},"end":{"line":1,"column":440}},"3":{"start":{"line":1,"column":232},"end":{"line":1,"column":240}},"4":{"start":{"line":1,"column":241},"end":{"line":1,"column":296}},"5":{"start":{"line":1,"column":296},"end":{"line":1,"column":327}},"6":{"start":{"line":1,"column":327},"end":{"line":1,"column":381}},"7":{"start":{"line":1,"column":354},"end":{"line":1,"column":381}},"8":{"start":{"line":1,"column":381},"end":{"line":1,"column":439}},"9":{"start":{"line":1,"column":441},"end":{"line":1,"column":646}},"10":{"start":{"line":1,"column":497},"end":{"line":1,"column":565}},"11":{"start":{"line":1,"column":513},"end":{"line":1,"column":565}},"12":{"start":{"line":1,"column":565},"end":{"line":1,"column":625}},"13":{"start":{"line":1,"column":582},"end":{"line":1,"column":625}},"14":{"start":{"line":1,"column":625},"end":{"line":1,"column":644}},"15":{"start":{"line":10,"column":262},"end":{"line":10,"column":361}},"16":{"start":{"line":10,"column":303},"end":{"line":10,"column":360}},"17":{"start":{"line":10,"column":411},"end":{"line":10,"column":510}},"18":{"start":{"line":10,"column":423},"end":{"line":10,"column":509}},"19":{"start":{"line":10,"column":510},"end":{"line":10,"column":596}},"20":{"start":{"line":10,"column":639},"end":{"line":10,"column":802}},"21":{"start":{"line":10,"column":701},"end":{"line":10,"column":801}},"22":{"start":{"line":10,"column":802},"end":{"line":10,"column":966}},"23":{"start":{"line":10,"column":966},"end":{"line":10,"column":1084}},"24":{"start":{"line":10,"column":982},"end":{"line":10,"column":1084}},"25":{"start":{"line":12,"column":13},"end":{"line":101,"column":114}},"26":{"start":{"line":12,"column":42},"end":{"line":12,"column":82}},"27":{"start":{"line":12,"column":137},"end":{"line":12,"column":171}},"28":{"start":{"line":12,"column":171},"end":{"line":12,"column":287}},"29":{"start":{"line":12,"column":257},"end":{"line":12,"column":286}},"30":{"start":{"line":12,"column":287},"end":{"line":86,"column":59}},"31":{"start":{"line":14,"column":12},"end":{"line":16,"column":13}},"32":{"start":{"line":15,"column":16},"end":{"line":15,"column":23}},"33":{"start":{"line":19,"column":12},"end":{"line":19,"column":37}},"34":{"start":{"line":20,"column":12},"end":{"line":20,"column":42}},"35":{"start":{"line":21,"column":52},"end":{"line":21,"column":71}},"36":{"start":{"line":22,"column":48},"end":{"line":22,"column":72}},"37":{"start":{"line":25,"column":12},"end":{"line":46,"column":13}},"38":{"start":{"line":26,"column":16},"end":{"line":42,"column":17}},"39":{"start":{"line":27,"column":20},"end":{"line":27,"column":45}},"40":{"start":{"line":28,"column":20},"end":{"line":28,"column":92}},"41":{"start":{"line":32,"column":20},"end":{"line":32,"column":33}},"42":{"start":{"line":34,"column":20},"end":{"line":41,"column":29}},"43":{"start":{"line":35,"column":24},"end":{"line":35,"column":50}},"44":{"start":{"line":36,"column":24},"end":{"line":36,"column":52}},"45":{"start":{"line":37,"column":24},"end":{"line":37,"column":97}},"46":{"start":{"line":38,"column":24},"end":{"line":38,"column":99}},"47":{"start":{"line":49,"column":12},"end":{"line":51,"column":13}},"48":{"start":{"line":55,"column":12},"end":{"line":68,"column":15}},"49":{"start":{"line":56,"column":16},"end":{"line":66,"column":128}},"50":{"start":{"line":74,"column":30},"end":{"line":74,"column":85}},"51":{"start":{"line":75,"column":29},"end":{"line":75,"column":113}},"52":{"start":{"line":78,"column":12},"end":{"line":78,"column":180}},"53":{"start":{"line":79,"column":12},"end":{"line":79,"column":73}},"54":{"start":{"line":81,"column":12},"end":{"line":85,"column":21}},"55":{"start":{"line":82,"column":16},"end":{"line":82,"column":74}},"56":{"start":{"line":83,"column":16},"end":{"line":83,"column":70}},"57":{"start":{"line":86,"column":60},"end":{"line":101,"column":14}},"58":{"start":{"line":89,"column":12},"end":{"line":95,"column":67}},"59":{"start":{"line":101,"column":14},"end":{"line":101,"column":32}}},"fnMap":{"0":{"name":"(anonymous_0)","decl":{"start":{"line":1,"column":120},"end":{"line":1,"column":121}},"loc":{"start":{"line":1,"column":132},"end":{"line":1,"column":647}},"line":1},"1":{"name":"defineProperties","decl":{"start":{"line":1,"column":142},"end":{"line":1,"column":158}},"loc":{"start":{"line":1,"column":174},"end":{"line":1,"column":441}},"line":1},"2":{"name":"(anonymous_2)","decl":{"start":{"line":1,"column":448},"end":{"line":1,"column":449}},"loc":{"start":{"line":1,"column":496},"end":{"line":1,"column":645}},"line":1},"3":{"name":"_classCallCheck","decl":{"start":{"line":10,"column":222},"end":{"line":10,"column":237}},"loc":{"start":{"line":10,"column":261},"end":{"line":10,"column":362}},"line":10},"4":{"name":"_possibleConstructorReturn","decl":{"start":{"line":10,"column":371},"end":{"line":10,"column":397}},"loc":{"start":{"line":10,"column":410},"end":{"line":10,"column":597}},"line":10},"5":{"name":"_inherits","decl":{"start":{"line":10,"column":606},"end":{"line":10,"column":615}},"loc":{"start":{"line":10,"column":638},"end":{"line":10,"column":1085}},"line":10},"6":{"name":"(anonymous_6)","decl":{"start":{"line":12,"column":13},"end":{"line":12,"column":14}},"loc":{"start":{"line":12,"column":41},"end":{"line":101,"column":33}},"line":12},"7":{"name":"CardsField","decl":{"start":{"line":12,"column":91},"end":{"line":12,"column":101}},"loc":{"start":{"line":12,"column":104},"end":{"line":86,"column":60}},"line":12},"8":{"name":"(anonymous_8)","decl":{"start":{"line":13,"column":21},"end":{"line":13,"column":22}},"loc":{"start":{"line":13,"column":42},"end":{"line":52,"column":9}},"line":13},"9":{"name":"(anonymous_9)","decl":{"start":{"line":34,"column":31},"end":{"line":34,"column":32}},"loc":{"start":{"line":34,"column":43},"end":{"line":41,"column":21}},"line":34},"10":{"name":"(anonymous_10)","decl":{"start":{"line":54,"column":22},"end":{"line":54,"column":23}},"loc":{"start":{"line":54,"column":39},"end":{"line":69,"column":9}},"line":54},"11":{"name":"(anonymous_11)","decl":{"start":{"line":55,"column":29},"end":{"line":55,"column":30}},"loc":{"start":{"line":55,"column":52},"end":{"line":68,"column":13}},"line":55},"12":{"name":"(anonymous_12)","decl":{"start":{"line":71,"column":21},"end":{"line":71,"column":22}},"loc":{"start":{"line":71,"column":33},"end":{"line":86,"column":9}},"line":71},"13":{"name":"(anonymous_13)","decl":{"start":{"line":81,"column":23},"end":{"line":81,"column":24}},"loc":{"start":{"line":81,"column":35},"end":{"line":85,"column":13}},"line":81},"14":{"name":"render","decl":{"start":{"line":86,"column":119},"end":{"line":86,"column":125}},"loc":{"start":{"line":88,"column":8},"end":{"line":101,"column":9}},"line":88}},"branchMap":{"0":{"loc":{"start":{"line":1,"column":265},"end":{"line":1,"column":295}},"type":"binary-expr","locations":[{"start":{"line":1,"column":265},"end":{"line":1,"column":286}},{"start":{"line":1,"column":290},"end":{"line":1,"column":295}}],"line":1},"1":{"loc":{"start":{"line":1,"column":327},"end":{"line":1,"column":381}},"type":"if","locations":[{"start":{"line":1,"column":327},"end":{"line":1,"column":381}},{"start":{"line":1,"column":327},"end":{"line":1,"column":381}}],"line":1},"2":{"loc":{"start":{"line":1,"column":497},"end":{"line":1,"column":565}},"type":"if","locations":[{"start":{"line":1,"column":497},"end":{"line":1,"column":565}},{"start":{"line":1,"column":497},"end":{"line":1,"column":565}}],"line":1},"3":{"loc":{"start":{"line":1,"column":565},"end":{"line":1,"column":625}},"type":"if","locations":[{"start":{"line":1,"column":565},"end":{"line":1,"column":625}},{"start":{"line":1,"column":565},"end":{"line":1,"column":625}}],"line":1},"4":{"loc":{"start":{"line":10,"column":262},"end":{"line":10,"column":361}},"type":"if","locations":[{"start":{"line":10,"column":262},"end":{"line":10,"column":361}},{"start":{"line":10,"column":262},"end":{"line":10,"column":361}}],"line":10},"5":{"loc":{"start":{"line":10,"column":411},"end":{"line":10,"column":510}},"type":"if","locations":[{"start":{"line":10,"column":411},"end":{"line":10,"column":510}},{"start":{"line":10,"column":411},"end":{"line":10,"column":510}}],"line":10},"6":{"loc":{"start":{"line":10,"column":517},"end":{"line":10,"column":595}},"type":"cond-expr","locations":[{"start":{"line":10,"column":584},"end":{"line":10,"column":588}},{"start":{"line":10,"column":591},"end":{"line":10,"column":595}}],"line":10},"7":{"loc":{"start":{"line":10,"column":517},"end":{"line":10,"column":581}},"type":"binary-expr","locations":[{"start":{"line":10,"column":517},"end":{"line":10,"column":521}},{"start":{"line":10,"column":526},"end":{"line":10,"column":550}},{"start":{"line":10,"column":554},"end":{"line":10,"column":580}}],"line":10},"8":{"loc":{"start":{"line":10,"column":639},"end":{"line":10,"column":802}},"type":"if","locations":[{"start":{"line":10,"column":639},"end":{"line":10,"column":802}},{"start":{"line":10,"column":639},"end":{"line":10,"column":802}}],"line":10},"9":{"loc":{"start":{"line":10,"column":643},"end":{"line":10,"column":698}},"type":"binary-expr","locations":[{"start":{"line":10,"column":643},"end":{"line":10,"column":675}},{"start":{"line":10,"column":679},"end":{"line":10,"column":698}}],"line":10},"10":{"loc":{"start":{"line":10,"column":837},"end":{"line":10,"column":871}},"type":"binary-expr","locations":[{"start":{"line":10,"column":837},"end":{"line":10,"column":847}},{"start":{"line":10,"column":851},"end":{"line":10,"column":871}}],"line":10},"11":{"loc":{"start":{"line":10,"column":966},"end":{"line":10,"column":1084}},"type":"if","locations":[{"start":{"line":10,"column":966},"end":{"line":10,"column":1084}},{"start":{"line":10,"column":966},"end":{"line":10,"column":1084}}],"line":10},"12":{"loc":{"start":{"line":10,"column":982},"end":{"line":10,"column":1083}},"type":"cond-expr","locations":[{"start":{"line":10,"column":1006},"end":{"line":10,"column":1049}},{"start":{"line":10,"column":1052},"end":{"line":10,"column":1083}}],"line":10},"13":{"loc":{"start":{"line":12,"column":360},"end":{"line":12,"column":417}},"type":"binary-expr","locations":[{"start":{"line":12,"column":360},"end":{"line":12,"column":380}},{"start":{"line":12,"column":384},"end":{"line":12,"column":417}}],"line":12},"14":{"loc":{"start":{"line":14,"column":12},"end":{"line":16,"column":13}},"type":"if","locations":[{"start":{"line":14,"column":12},"end":{"line":16,"column":13}},{"start":{"line":14,"column":12},"end":{"line":16,"column":13}}],"line":14},"15":{"loc":{"start":{"line":25,"column":12},"end":{"line":46,"column":13}},"type":"if","locations":[{"start":{"line":25,"column":12},"end":{"line":46,"column":13}},{"start":{"line":25,"column":12},"end":{"line":46,"column":13}}],"line":25},"16":{"loc":{"start":{"line":26,"column":16},"end":{"line":42,"column":17}},"type":"if","locations":[{"start":{"line":26,"column":16},"end":{"line":42,"column":17}},{"start":{"line":26,"column":16},"end":{"line":42,"column":17}}],"line":26},"17":{"loc":{"start":{"line":49,"column":12},"end":{"line":51,"column":13}},"type":"if","locations":[{"start":{"line":49,"column":12},"end":{"line":51,"column":13}},{"start":{"line":49,"column":12},"end":{"line":51,"column":13}}],"line":49},"18":{"loc":{"start":{"line":49,"column":16},"end":{"line":49,"column":52}},"type":"binary-expr","locations":[{"start":{"line":49,"column":16},"end":{"line":49,"column":29}},{"start":{"line":49,"column":33},"end":{"line":49,"column":52}}],"line":49}},"s":{"0":1,"1":1,"2":1,"3":1,"4":1,"5":1,"6":1,"7":1,"8":1,"9":1,"10":1,"11":1,"12":1,"13":0,"14":1,"15":0,"16":0,"17":0,"18":0,"19":0,"20":1,"21":0,"22":1,"23":1,"24":1,"25":1,"26":1,"27":0,"28":0,"29":0,"30":0,"31":0,"32":0,"33":0,"34":0,"35":0,"36":0,"37":0,"38":0,"39":0,"40":0,"41":0,"42":0,"43":0,"44":0,"45":0,"46":0,"47":0,"48":0,"49":0,"50":0,"51":0,"52":0,"53":0,"54":0,"55":0,"56":0,"57":1,"58":0,"59":1},"f":{"0":1,"1":1,"2":1,"3":0,"4":0,"5":1,"6":1,"7":0,"8":0,"9":0,"10":0,"11":0,"12":0,"13":0,"14":0},"b":{"0":[1,1],"1":[1,0],"2":[1,0],"3":[0,1],"4":[0,0],"5":[0,0],"6":[0,0],"7":[0,0,0],"8":[0,1],"9":[1,0],"10":[1,1],"11":[1,0],"12":[1,0],"13":[0,0],"14":[0,0],"15":[0,0],"16":[0,0],"17":[0,0],"18":[0,0]},"_coverageSchema":"332fd63041d2c1bcb487cc26dd0d5f7d97098a6c","hash":"881bae5f79e555d5ded2a73007d41b0342597d5e"}
,"C:\\Work\\RSS\\private\\Nadya-Ponka-2018Q1\\match-match-game-react\\src\\components\\landing-page\\landing-page.css": {"path":"C:\\Work\\RSS\\private\\Nadya-Ponka-2018Q1\\match-match-game-react\\src\\components\\landing-page\\landing-page.css","statementMap":{},"fnMap":{},"branchMap":{},"s":{},"f":{},"b":{},"_coverageSchema":"332fd63041d2c1bcb487cc26dd0d5f7d97098a6c","hash":"2a6718ad96f0b3cbdf4215eddde9aba3c1e36442"}
,"C:\\Work\\RSS\\private\\Nadya-Ponka-2018Q1\\match-match-game-react\\src\\components\\landing-page\\landing-page.js": {"path":"C:\\Work\\RSS\\private\\Nadya-Ponka-2018Q1\\match-match-game-react\\src\\components\\landing-page\\landing-page.js","statementMap":{"0":{"start":{"line":1,"column":39},"end":{"line":1,"column":101}},"1":{"start":{"line":1,"column":120},"end":{"line":1,"column":649}},"2":{"start":{"line":1,"column":175},"end":{"line":1,"column":440}},"3":{"start":{"line":1,"column":232},"end":{"line":1,"column":240}},"4":{"start":{"line":1,"column":241},"end":{"line":1,"column":296}},"5":{"start":{"line":1,"column":296},"end":{"line":1,"column":327}},"6":{"start":{"line":1,"column":327},"end":{"line":1,"column":381}},"7":{"start":{"line":1,"column":354},"end":{"line":1,"column":381}},"8":{"start":{"line":1,"column":381},"end":{"line":1,"column":439}},"9":{"start":{"line":1,"column":441},"end":{"line":1,"column":646}},"10":{"start":{"line":1,"column":497},"end":{"line":1,"column":565}},"11":{"start":{"line":1,"column":513},"end":{"line":1,"column":565}},"12":{"start":{"line":1,"column":565},"end":{"line":1,"column":625}},"13":{"start":{"line":1,"column":582},"end":{"line":1,"column":625}},"14":{"start":{"line":1,"column":625},"end":{"line":1,"column":644}},"15":{"start":{"line":3,"column":225},"end":{"line":3,"column":324}},"16":{"start":{"line":3,"column":266},"end":{"line":3,"column":323}},"17":{"start":{"line":3,"column":374},"end":{"line":3,"column":473}},"18":{"start":{"line":3,"column":386},"end":{"line":3,"column":472}},"19":{"start":{"line":3,"column":473},"end":{"line":3,"column":559}},"20":{"start":{"line":3,"column":602},"end":{"line":3,"column":765}},"21":{"start":{"line":3,"column":664},"end":{"line":3,"column":764}},"22":{"start":{"line":3,"column":765},"end":{"line":3,"column":929}},"23":{"start":{"line":3,"column":929},"end":{"line":3,"column":1047}},"24":{"start":{"line":3,"column":945},"end":{"line":3,"column":1047}},"25":{"start":{"line":5,"column":14},"end":{"line":28,"column":115}},"26":{"start":{"line":5,"column":43},"end":{"line":5,"column":84}},"27":{"start":{"line":5,"column":140},"end":{"line":5,"column":175}},"28":{"start":{"line":5,"column":175},"end":{"line":5,"column":291}},"29":{"start":{"line":5,"column":261},"end":{"line":5,"column":290}},"30":{"start":{"line":5,"column":291},"end":{"line":16,"column":59}},"31":{"start":{"line":7,"column":12},"end":{"line":7,"column":35}},"32":{"start":{"line":8,"column":25},"end":{"line":8,"column":57}},"33":{"start":{"line":9,"column":12},"end":{"line":9,"column":32}},"34":{"start":{"line":10,"column":12},"end":{"line":10,"column":66}},"35":{"start":{"line":12,"column":12},"end":{"line":15,"column":21}},"36":{"start":{"line":13,"column":16},"end":{"line":13,"column":46}},"37":{"start":{"line":14,"column":16},"end":{"line":14,"column":80}},"38":{"start":{"line":16,"column":60},"end":{"line":28,"column":14}},"39":{"start":{"line":19,"column":12},"end":{"line":25,"column":295}},"40":{"start":{"line":28,"column":14},"end":{"line":28,"column":33}}},"fnMap":{"0":{"name":"(anonymous_0)","decl":{"start":{"line":1,"column":120},"end":{"line":1,"column":121}},"loc":{"start":{"line":1,"column":132},"end":{"line":1,"column":647}},"line":1},"1":{"name":"defineProperties","decl":{"start":{"line":1,"column":142},"end":{"line":1,"column":158}},"loc":{"start":{"line":1,"column":174},"end":{"line":1,"column":441}},"line":1},"2":{"name":"(anonymous_2)","decl":{"start":{"line":1,"column":448},"end":{"line":1,"column":449}},"loc":{"start":{"line":1,"column":496},"end":{"line":1,"column":645}},"line":1},"3":{"name":"_classCallCheck","decl":{"start":{"line":3,"column":185},"end":{"line":3,"column":200}},"loc":{"start":{"line":3,"column":224},"end":{"line":3,"column":325}},"line":3},"4":{"name":"_possibleConstructorReturn","decl":{"start":{"line":3,"column":334},"end":{"line":3,"column":360}},"loc":{"start":{"line":3,"column":373},"end":{"line":3,"column":560}},"line":3},"5":{"name":"_inherits","decl":{"start":{"line":3,"column":569},"end":{"line":3,"column":578}},"loc":{"start":{"line":3,"column":601},"end":{"line":3,"column":1048}},"line":3},"6":{"name":"(anonymous_6)","decl":{"start":{"line":5,"column":14},"end":{"line":5,"column":15}},"loc":{"start":{"line":5,"column":42},"end":{"line":28,"column":34}},"line":5},"7":{"name":"LandingPage","decl":{"start":{"line":5,"column":93},"end":{"line":5,"column":104}},"loc":{"start":{"line":5,"column":107},"end":{"line":16,"column":60}},"line":5},"8":{"name":"(anonymous_8)","decl":{"start":{"line":6,"column":32},"end":{"line":6,"column":33}},"loc":{"start":{"line":6,"column":49},"end":{"line":16,"column":9}},"line":6},"9":{"name":"(anonymous_9)","decl":{"start":{"line":12,"column":23},"end":{"line":12,"column":24}},"loc":{"start":{"line":12,"column":35},"end":{"line":15,"column":13}},"line":12},"10":{"name":"render","decl":{"start":{"line":16,"column":120},"end":{"line":16,"column":126}},"loc":{"start":{"line":18,"column":8},"end":{"line":28,"column":9}},"line":18}},"branchMap":{"0":{"loc":{"start":{"line":1,"column":265},"end":{"line":1,"column":295}},"type":"binary-expr","locations":[{"start":{"line":1,"column":265},"end":{"line":1,"column":286}},{"start":{"line":1,"column":290},"end":{"line":1,"column":295}}],"line":1},"1":{"loc":{"start":{"line":1,"column":327},"end":{"line":1,"column":381}},"type":"if","locations":[{"start":{"line":1,"column":327},"end":{"line":1,"column":381}},{"start":{"line":1,"column":327},"end":{"line":1,"column":381}}],"line":1},"2":{"loc":{"start":{"line":1,"column":497},"end":{"line":1,"column":565}},"type":"if","locations":[{"start":{"line":1,"column":497},"end":{"line":1,"column":565}},{"start":{"line":1,"column":497},"end":{"line":1,"column":565}}],"line":1},"3":{"loc":{"start":{"line":1,"column":565},"end":{"line":1,"column":625}},"type":"if","locations":[{"start":{"line":1,"column":565},"end":{"line":1,"column":625}},{"start":{"line":1,"column":565},"end":{"line":1,"column":625}}],"line":1},"4":{"loc":{"start":{"line":3,"column":225},"end":{"line":3,"column":324}},"type":"if","locations":[{"start":{"line":3,"column":225},"end":{"line":3,"column":324}},{"start":{"line":3,"column":225},"end":{"line":3,"column":324}}],"line":3},"5":{"loc":{"start":{"line":3,"column":374},"end":{"line":3,"column":473}},"type":"if","locations":[{"start":{"line":3,"column":374},"end":{"line":3,"column":473}},{"start":{"line":3,"column":374},"end":{"line":3,"column":473}}],"line":3},"6":{"loc":{"start":{"line":3,"column":480},"end":{"line":3,"column":558}},"type":"cond-expr","locations":[{"start":{"line":3,"column":547},"end":{"line":3,"column":551}},{"start":{"line":3,"column":554},"end":{"line":3,"column":558}}],"line":3},"7":{"loc":{"start":{"line":3,"column":480},"end":{"line":3,"column":544}},"type":"binary-expr","locations":[{"start":{"line":3,"column":480},"end":{"line":3,"column":484}},{"start":{"line":3,"column":489},"end":{"line":3,"column":513}},{"start":{"line":3,"column":517},"end":{"line":3,"column":543}}],"line":3},"8":{"loc":{"start":{"line":3,"column":602},"end":{"line":3,"column":765}},"type":"if","locations":[{"start":{"line":3,"column":602},"end":{"line":3,"column":765}},{"start":{"line":3,"column":602},"end":{"line":3,"column":765}}],"line":3},"9":{"loc":{"start":{"line":3,"column":606},"end":{"line":3,"column":661}},"type":"binary-expr","locations":[{"start":{"line":3,"column":606},"end":{"line":3,"column":638}},{"start":{"line":3,"column":642},"end":{"line":3,"column":661}}],"line":3},"10":{"loc":{"start":{"line":3,"column":800},"end":{"line":3,"column":834}},"type":"binary-expr","locations":[{"start":{"line":3,"column":800},"end":{"line":3,"column":810}},{"start":{"line":3,"column":814},"end":{"line":3,"column":834}}],"line":3},"11":{"loc":{"start":{"line":3,"column":929},"end":{"line":3,"column":1047}},"type":"if","locations":[{"start":{"line":3,"column":929},"end":{"line":3,"column":1047}},{"start":{"line":3,"column":929},"end":{"line":3,"column":1047}}],"line":3},"12":{"loc":{"start":{"line":3,"column":945},"end":{"line":3,"column":1046}},"type":"cond-expr","locations":[{"start":{"line":3,"column":969},"end":{"line":3,"column":1012}},{"start":{"line":3,"column":1015},"end":{"line":3,"column":1046}}],"line":3},"13":{"loc":{"start":{"line":5,"column":364},"end":{"line":5,"column":423}},"type":"binary-expr","locations":[{"start":{"line":5,"column":364},"end":{"line":5,"column":385}},{"start":{"line":5,"column":389},"end":{"line":5,"column":423}}],"line":5}},"s":{"0":1,"1":1,"2":1,"3":1,"4":1,"5":1,"6":1,"7":1,"8":1,"9":1,"10":1,"11":1,"12":1,"13":0,"14":1,"15":1,"16":0,"17":2,"18":0,"19":2,"20":1,"21":0,"22":1,"23":1,"24":1,"25":1,"26":1,"27":1,"28":1,"29":3,"30":1,"31":0,"32":0,"33":0,"34":0,"35":0,"36":0,"37":0,"38":1,"39":1,"40":1},"f":{"0":1,"1":1,"2":1,"3":1,"4":2,"5":1,"6":1,"7":1,"8":0,"9":0,"10":1},"b":{"0":[1,1],"1":[1,0],"2":[1,0],"3":[0,1],"4":[0,1],"5":[0,2],"6":[1,1],"7":[2,1,0],"8":[0,1],"9":[1,0],"10":[1,1],"11":[1,0],"12":[1,0],"13":[1,0]},"_coverageSchema":"332fd63041d2c1bcb487cc26dd0d5f7d97098a6c","hash":"5828448eeee2fc6d20c74b35ee7b479b2636da57"}
,"C:\\Work\\RSS\\private\\Nadya-Ponka-2018Q1\\match-match-game-react\\src\\components\\leaderBoard\\LeaderBoard.js": {"path":"C:\\Work\\RSS\\private\\Nadya-Ponka-2018Q1\\match-match-game-react\\src\\components\\leaderBoard\\LeaderBoard.js","statementMap":{"0":{"start":{"line":1,"column":39},"end":{"line":1,"column":101}},"1":{"start":{"line":1,"column":120},"end":{"line":1,"column":649}},"2":{"start":{"line":1,"column":175},"end":{"line":1,"column":440}},"3":{"start":{"line":1,"column":232},"end":{"line":1,"column":240}},"4":{"start":{"line":1,"column":241},"end":{"line":1,"column":296}},"5":{"start":{"line":1,"column":296},"end":{"line":1,"column":327}},"6":{"start":{"line":1,"column":327},"end":{"line":1,"column":381}},"7":{"start":{"line":1,"column":354},"end":{"line":1,"column":381}},"8":{"start":{"line":1,"column":381},"end":{"line":1,"column":439}},"9":{"start":{"line":1,"column":441},"end":{"line":1,"column":646}},"10":{"start":{"line":1,"column":497},"end":{"line":1,"column":565}},"11":{"start":{"line":1,"column":513},"end":{"line":1,"column":565}},"12":{"start":{"line":1,"column":565},"end":{"line":1,"column":625}},"13":{"start":{"line":1,"column":582},"end":{"line":1,"column":625}},"14":{"start":{"line":1,"column":625},"end":{"line":1,"column":644}},"15":{"start":{"line":4,"column":216},"end":{"line":4,"column":270}},"16":{"start":{"line":4,"column":320},"end":{"line":4,"column":419}},"17":{"start":{"line":4,"column":361},"end":{"line":4,"column":418}},"18":{"start":{"line":4,"column":469},"end":{"line":4,"column":568}},"19":{"start":{"line":4,"column":481},"end":{"line":4,"column":567}},"20":{"start":{"line":4,"column":568},"end":{"line":4,"column":654}},"21":{"start":{"line":4,"column":697},"end":{"line":4,"column":860}},"22":{"start":{"line":4,"column":759},"end":{"line":4,"column":859}},"23":{"start":{"line":4,"column":860},"end":{"line":4,"column":1024}},"24":{"start":{"line":4,"column":1024},"end":{"line":4,"column":1142}},"25":{"start":{"line":4,"column":1040},"end":{"line":4,"column":1142}},"26":{"start":{"line":6,"column":14},"end":{"line":31,"column":115}},"27":{"start":{"line":6,"column":43},"end":{"line":6,"column":84}},"28":{"start":{"line":6,"column":108},"end":{"line":6,"column":143}},"29":{"start":{"line":6,"column":143},"end":{"line":6,"column":269}},"30":{"start":{"line":6,"column":270},"end":{"line":31,"column":14}},"31":{"start":{"line":8,"column":12},"end":{"line":22,"column":371}},"32":{"start":{"line":31,"column":14},"end":{"line":31,"column":33}}},"fnMap":{"0":{"name":"(anonymous_0)","decl":{"start":{"line":1,"column":120},"end":{"line":1,"column":121}},"loc":{"start":{"line":1,"column":132},"end":{"line":1,"column":647}},"line":1},"1":{"name":"defineProperties","decl":{"start":{"line":1,"column":142},"end":{"line":1,"column":158}},"loc":{"start":{"line":1,"column":174},"end":{"line":1,"column":441}},"line":1},"2":{"name":"(anonymous_2)","decl":{"start":{"line":1,"column":448},"end":{"line":1,"column":449}},"loc":{"start":{"line":1,"column":496},"end":{"line":1,"column":645}},"line":1},"3":{"name":"_interopRequireDefault","decl":{"start":{"line":4,"column":187},"end":{"line":4,"column":209}},"loc":{"start":{"line":4,"column":215},"end":{"line":4,"column":271}},"line":4},"4":{"name":"_classCallCheck","decl":{"start":{"line":4,"column":280},"end":{"line":4,"column":295}},"loc":{"start":{"line":4,"column":319},"end":{"line":4,"column":420}},"line":4},"5":{"name":"_possibleConstructorReturn","decl":{"start":{"line":4,"column":429},"end":{"line":4,"column":455}},"loc":{"start":{"line":4,"column":468},"end":{"line":4,"column":655}},"line":4},"6":{"name":"_inherits","decl":{"start":{"line":4,"column":664},"end":{"line":4,"column":673}},"loc":{"start":{"line":4,"column":696},"end":{"line":4,"column":1143}},"line":4},"7":{"name":"(anonymous_7)","decl":{"start":{"line":6,"column":14},"end":{"line":6,"column":15}},"loc":{"start":{"line":6,"column":42},"end":{"line":31,"column":34}},"line":6},"8":{"name":"LeaderBoard","decl":{"start":{"line":6,"column":93},"end":{"line":6,"column":104}},"loc":{"start":{"line":6,"column":107},"end":{"line":6,"column":270}},"line":6},"9":{"name":"render","decl":{"start":{"line":6,"column":330},"end":{"line":6,"column":336}},"loc":{"start":{"line":7,"column":8},"end":{"line":31,"column":9}},"line":7},"10":{"name":"(anonymous_10)","decl":{"start":{"line":22,"column":63},"end":{"line":22,"column":64}},"loc":{"start":{"line":22,"column":112},"end":{"line":22,"column":363}},"line":22}},"branchMap":{"0":{"loc":{"start":{"line":1,"column":265},"end":{"line":1,"column":295}},"type":"binary-expr","locations":[{"start":{"line":1,"column":265},"end":{"line":1,"column":286}},{"start":{"line":1,"column":290},"end":{"line":1,"column":295}}],"line":1},"1":{"loc":{"start":{"line":1,"column":327},"end":{"line":1,"column":381}},"type":"if","locations":[{"start":{"line":1,"column":327},"end":{"line":1,"column":381}},{"start":{"line":1,"column":327},"end":{"line":1,"column":381}}],"line":1},"2":{"loc":{"start":{"line":1,"column":497},"end":{"line":1,"column":565}},"type":"if","locations":[{"start":{"line":1,"column":497},"end":{"line":1,"column":565}},{"start":{"line":1,"column":497},"end":{"line":1,"column":565}}],"line":1},"3":{"loc":{"start":{"line":1,"column":565},"end":{"line":1,"column":625}},"type":"if","locations":[{"start":{"line":1,"column":565},"end":{"line":1,"column":625}},{"start":{"line":1,"column":565},"end":{"line":1,"column":625}}],"line":1},"4":{"loc":{"start":{"line":4,"column":223},"end":{"line":4,"column":269}},"type":"cond-expr","locations":[{"start":{"line":4,"column":247},"end":{"line":4,"column":250}},{"start":{"line":4,"column":253},"end":{"line":4,"column":269}}],"line":4},"5":{"loc":{"start":{"line":4,"column":223},"end":{"line":4,"column":244}},"type":"binary-expr","locations":[{"start":{"line":4,"column":223},"end":{"line":4,"column":226}},{"start":{"line":4,"column":230},"end":{"line":4,"column":244}}],"line":4},"6":{"loc":{"start":{"line":4,"column":320},"end":{"line":4,"column":419}},"type":"if","locations":[{"start":{"line":4,"column":320},"end":{"line":4,"column":419}},{"start":{"line":4,"column":320},"end":{"line":4,"column":419}}],"line":4},"7":{"loc":{"start":{"line":4,"column":469},"end":{"line":4,"column":568}},"type":"if","locations":[{"start":{"line":4,"column":469},"end":{"line":4,"column":568}},{"start":{"line":4,"column":469},"end":{"line":4,"column":568}}],"line":4},"8":{"loc":{"start":{"line":4,"column":575},"end":{"line":4,"column":653}},"type":"cond-expr","locations":[{"start":{"line":4,"column":642},"end":{"line":4,"column":646}},{"start":{"line":4,"column":649},"end":{"line":4,"column":653}}],"line":4},"9":{"loc":{"start":{"line":4,"column":575},"end":{"line":4,"column":639}},"type":"binary-expr","locations":[{"start":{"line":4,"column":575},"end":{"line":4,"column":579}},{"start":{"line":4,"column":584},"end":{"line":4,"column":608}},{"start":{"line":4,"column":612},"end":{"line":4,"column":638}}],"line":4},"10":{"loc":{"start":{"line":4,"column":697},"end":{"line":4,"column":860}},"type":"if","locations":[{"start":{"line":4,"column":697},"end":{"line":4,"column":860}},{"start":{"line":4,"column":697},"end":{"line":4,"column":860}}],"line":4},"11":{"loc":{"start":{"line":4,"column":701},"end":{"line":4,"column":756}},"type":"binary-expr","locations":[{"start":{"line":4,"column":701},"end":{"line":4,"column":733}},{"start":{"line":4,"column":737},"end":{"line":4,"column":756}}],"line":4},"12":{"loc":{"start":{"line":4,"column":895},"end":{"line":4,"column":929}},"type":"binary-expr","locations":[{"start":{"line":4,"column":895},"end":{"line":4,"column":905}},{"start":{"line":4,"column":909},"end":{"line":4,"column":929}}],"line":4},"13":{"loc":{"start":{"line":4,"column":1024},"end":{"line":4,"column":1142}},"type":"if","locations":[{"start":{"line":4,"column":1024},"end":{"line":4,"column":1142}},{"start":{"line":4,"column":1024},"end":{"line":4,"column":1142}}],"line":4},"14":{"loc":{"start":{"line":4,"column":1040},"end":{"line":4,"column":1141}},"type":"cond-expr","locations":[{"start":{"line":4,"column":1064},"end":{"line":4,"column":1107}},{"start":{"line":4,"column":1110},"end":{"line":4,"column":1141}}],"line":4},"15":{"loc":{"start":{"line":6,"column":184},"end":{"line":6,"column":243}},"type":"binary-expr","locations":[{"start":{"line":6,"column":184},"end":{"line":6,"column":205}},{"start":{"line":6,"column":209},"end":{"line":6,"column":243}}],"line":6}},"s":{"0":1,"1":1,"2":1,"3":1,"4":1,"5":1,"6":1,"7":1,"8":1,"9":1,"10":1,"11":1,"12":1,"13":0,"14":1,"15":2,"16":0,"17":0,"18":0,"19":0,"20":0,"21":1,"22":0,"23":1,"24":1,"25":1,"26":1,"27":1,"28":0,"29":0,"30":1,"31":0,"32":1},"f":{"0":1,"1":1,"2":1,"3":2,"4":0,"5":0,"6":1,"7":1,"8":0,"9":0,"10":0},"b":{"0":[1,1],"1":[1,0],"2":[1,0],"3":[0,1],"4":[1,1],"5":[2,2],"6":[0,0],"7":[0,0],"8":[0,0],"9":[0,0,0],"10":[0,1],"11":[1,0],"12":[1,1],"13":[1,0],"14":[1,0],"15":[0,0]},"_coverageSchema":"332fd63041d2c1bcb487cc26dd0d5f7d97098a6c","hash":"e0ec9274693c120f66dce390855149095acb2fff"}
,"C:\\Work\\RSS\\private\\Nadya-Ponka-2018Q1\\match-match-game-react\\src\\components\\leaderBoard\\strokeLeaderBoard.js": {"path":"C:\\Work\\RSS\\private\\Nadya-Ponka-2018Q1\\match-match-game-react\\src\\components\\leaderBoard\\strokeLeaderBoard.js","statementMap":{"0":{"start":{"line":1,"column":39},"end":{"line":1,"column":101}},"1":{"start":{"line":1,"column":120},"end":{"line":1,"column":649}},"2":{"start":{"line":1,"column":175},"end":{"line":1,"column":440}},"3":{"start":{"line":1,"column":232},"end":{"line":1,"column":240}},"4":{"start":{"line":1,"column":241},"end":{"line":1,"column":296}},"5":{"start":{"line":1,"column":296},"end":{"line":1,"column":327}},"6":{"start":{"line":1,"column":327},"end":{"line":1,"column":381}},"7":{"start":{"line":1,"column":354},"end":{"line":1,"column":381}},"8":{"start":{"line":1,"column":381},"end":{"line":1,"column":439}},"9":{"start":{"line":1,"column":441},"end":{"line":1,"column":646}},"10":{"start":{"line":1,"column":497},"end":{"line":1,"column":565}},"11":{"start":{"line":1,"column":513},"end":{"line":1,"column":565}},"12":{"start":{"line":1,"column":565},"end":{"line":1,"column":625}},"13":{"start":{"line":1,"column":582},"end":{"line":1,"column":625}},"14":{"start":{"line":1,"column":625},"end":{"line":1,"column":644}},"15":{"start":{"line":3,"column":233},"end":{"line":3,"column":332}},"16":{"start":{"line":3,"column":274},"end":{"line":3,"column":331}},"17":{"start":{"line":3,"column":382},"end":{"line":3,"column":481}},"18":{"start":{"line":3,"column":394},"end":{"line":3,"column":480}},"19":{"start":{"line":3,"column":481},"end":{"line":3,"column":567}},"20":{"start":{"line":3,"column":610},"end":{"line":3,"column":773}},"21":{"start":{"line":3,"column":672},"end":{"line":3,"column":772}},"22":{"start":{"line":3,"column":773},"end":{"line":3,"column":937}},"23":{"start":{"line":3,"column":937},"end":{"line":3,"column":1055}},"24":{"start":{"line":3,"column":953},"end":{"line":3,"column":1055}},"25":{"start":{"line":5,"column":20},"end":{"line":19,"column":121}},"26":{"start":{"line":5,"column":49},"end":{"line":5,"column":96}},"27":{"start":{"line":5,"column":126},"end":{"line":5,"column":167}},"28":{"start":{"line":5,"column":167},"end":{"line":5,"column":305}},"29":{"start":{"line":5,"column":306},"end":{"line":19,"column":14}},"30":{"start":{"line":8,"column":52},"end":{"line":8,"column":154}},"31":{"start":{"line":9,"column":12},"end":{"line":14,"column":157}},"32":{"start":{"line":19,"column":14},"end":{"line":19,"column":39}}},"fnMap":{"0":{"name":"(anonymous_0)","decl":{"start":{"line":1,"column":120},"end":{"line":1,"column":121}},"loc":{"start":{"line":1,"column":132},"end":{"line":1,"column":647}},"line":1},"1":{"name":"defineProperties","decl":{"start":{"line":1,"column":142},"end":{"line":1,"column":158}},"loc":{"start":{"line":1,"column":174},"end":{"line":1,"column":441}},"line":1},"2":{"name":"(anonymous_2)","decl":{"start":{"line":1,"column":448},"end":{"line":1,"column":449}},"loc":{"start":{"line":1,"column":496},"end":{"line":1,"column":645}},"line":1},"3":{"name":"_classCallCheck","decl":{"start":{"line":3,"column":193},"end":{"line":3,"column":208}},"loc":{"start":{"line":3,"column":232},"end":{"line":3,"column":333}},"line":3},"4":{"name":"_possibleConstructorReturn","decl":{"start":{"line":3,"column":342},"end":{"line":3,"column":368}},"loc":{"start":{"line":3,"column":381},"end":{"line":3,"column":568}},"line":3},"5":{"name":"_inherits","decl":{"start":{"line":3,"column":577},"end":{"line":3,"column":586}},"loc":{"start":{"line":3,"column":609},"end":{"line":3,"column":1056}},"line":3},"6":{"name":"(anonymous_6)","decl":{"start":{"line":5,"column":20},"end":{"line":5,"column":21}},"loc":{"start":{"line":5,"column":48},"end":{"line":19,"column":40}},"line":5},"7":{"name":"StrokeLeaderBoard","decl":{"start":{"line":5,"column":105},"end":{"line":5,"column":122}},"loc":{"start":{"line":5,"column":125},"end":{"line":5,"column":306}},"line":5},"8":{"name":"render","decl":{"start":{"line":5,"column":372},"end":{"line":5,"column":378}},"loc":{"start":{"line":7,"column":8},"end":{"line":19,"column":9}},"line":7}},"branchMap":{"0":{"loc":{"start":{"line":1,"column":265},"end":{"line":1,"column":295}},"type":"binary-expr","locations":[{"start":{"line":1,"column":265},"end":{"line":1,"column":286}},{"start":{"line":1,"column":290},"end":{"line":1,"column":295}}],"line":1},"1":{"loc":{"start":{"line":1,"column":327},"end":{"line":1,"column":381}},"type":"if","locations":[{"start":{"line":1,"column":327},"end":{"line":1,"column":381}},{"start":{"line":1,"column":327},"end":{"line":1,"column":381}}],"line":1},"2":{"loc":{"start":{"line":1,"column":497},"end":{"line":1,"column":565}},"type":"if","locations":[{"start":{"line":1,"column":497},"end":{"line":1,"column":565}},{"start":{"line":1,"column":497},"end":{"line":1,"column":565}}],"line":1},"3":{"loc":{"start":{"line":1,"column":565},"end":{"line":1,"column":625}},"type":"if","locations":[{"start":{"line":1,"column":565},"end":{"line":1,"column":625}},{"start":{"line":1,"column":565},"end":{"line":1,"column":625}}],"line":1},"4":{"loc":{"start":{"line":3,"column":233},"end":{"line":3,"column":332}},"type":"if","locations":[{"start":{"line":3,"column":233},"end":{"line":3,"column":332}},{"start":{"line":3,"column":233},"end":{"line":3,"column":332}}],"line":3},"5":{"loc":{"start":{"line":3,"column":382},"end":{"line":3,"column":481}},"type":"if","locations":[{"start":{"line":3,"column":382},"end":{"line":3,"column":481}},{"start":{"line":3,"column":382},"end":{"line":3,"column":481}}],"line":3},"6":{"loc":{"start":{"line":3,"column":488},"end":{"line":3,"column":566}},"type":"cond-expr","locations":[{"start":{"line":3,"column":555},"end":{"line":3,"column":559}},{"start":{"line":3,"column":562},"end":{"line":3,"column":566}}],"line":3},"7":{"loc":{"start":{"line":3,"column":488},"end":{"line":3,"column":552}},"type":"binary-expr","locations":[{"start":{"line":3,"column":488},"end":{"line":3,"column":492}},{"start":{"line":3,"column":497},"end":{"line":3,"column":521}},{"start":{"line":3,"column":525},"end":{"line":3,"column":551}}],"line":3},"8":{"loc":{"start":{"line":3,"column":610},"end":{"line":3,"column":773}},"type":"if","locations":[{"start":{"line":3,"column":610},"end":{"line":3,"column":773}},{"start":{"line":3,"column":610},"end":{"line":3,"column":773}}],"line":3},"9":{"loc":{"start":{"line":3,"column":614},"end":{"line":3,"column":669}},"type":"binary-expr","locations":[{"start":{"line":3,"column":614},"end":{"line":3,"column":646}},{"start":{"line":3,"column":650},"end":{"line":3,"column":669}}],"line":3},"10":{"loc":{"start":{"line":3,"column":808},"end":{"line":3,"column":842}},"type":"binary-expr","locations":[{"start":{"line":3,"column":808},"end":{"line":3,"column":818}},{"start":{"line":3,"column":822},"end":{"line":3,"column":842}}],"line":3},"11":{"loc":{"start":{"line":3,"column":937},"end":{"line":3,"column":1055}},"type":"if","locations":[{"start":{"line":3,"column":937},"end":{"line":3,"column":1055}},{"start":{"line":3,"column":937},"end":{"line":3,"column":1055}}],"line":3},"12":{"loc":{"start":{"line":3,"column":953},"end":{"line":3,"column":1054}},"type":"cond-expr","locations":[{"start":{"line":3,"column":977},"end":{"line":3,"column":1020}},{"start":{"line":3,"column":1023},"end":{"line":3,"column":1054}}],"line":3},"13":{"loc":{"start":{"line":5,"column":208},"end":{"line":5,"column":279}},"type":"binary-expr","locations":[{"start":{"line":5,"column":208},"end":{"line":5,"column":235}},{"start":{"line":5,"column":239},"end":{"line":5,"column":279}}],"line":5}},"s":{"0":1,"1":1,"2":1,"3":1,"4":1,"5":1,"6":1,"7":1,"8":1,"9":1,"10":1,"11":1,"12":1,"13":0,"14":1,"15":0,"16":0,"17":0,"18":0,"19":0,"20":1,"21":0,"22":1,"23":1,"24":1,"25":1,"26":1,"27":0,"28":0,"29":1,"30":0,"31":0,"32":1},"f":{"0":1,"1":1,"2":1,"3":0,"4":0,"5":1,"6":1,"7":0,"8":0},"b":{"0":[1,1],"1":[1,0],"2":[1,0],"3":[0,1],"4":[0,0],"5":[0,0],"6":[0,0],"7":[0,0,0],"8":[0,1],"9":[1,0],"10":[1,1],"11":[1,0],"12":[1,0],"13":[0,0]},"_coverageSchema":"332fd63041d2c1bcb487cc26dd0d5f7d97098a6c","hash":"9fcfb7a18ce5bee53775b65e20da76c5d83ade0a"}
,"C:\\Work\\RSS\\private\\Nadya-Ponka-2018Q1\\match-match-game-react\\src\\components\\playingField\\playingField.css": {"path":"C:\\Work\\RSS\\private\\Nadya-Ponka-2018Q1\\match-match-game-react\\src\\components\\playingField\\playingField.css","statementMap":{},"fnMap":{},"branchMap":{},"s":{},"f":{},"b":{},"_coverageSchema":"332fd63041d2c1bcb487cc26dd0d5f7d97098a6c","hash":"d557e260ddc850db09f582b6d4bac8a295653e93"}
,"C:\\Work\\RSS\\private\\Nadya-Ponka-2018Q1\\match-match-game-react\\src\\components\\playingField\\playingField.js": {"path":"C:\\Work\\RSS\\private\\Nadya-Ponka-2018Q1\\match-match-game-react\\src\\components\\playingField\\playingField.js","statementMap":{"0":{"start":{"line":1,"column":39},"end":{"line":1,"column":101}},"1":{"start":{"line":1,"column":101},"end":{"line":1,"column":134}},"2":{"start":{"line":1,"column":153},"end":{"line":1,"column":682}},"3":{"start":{"line":1,"column":208},"end":{"line":1,"column":473}},"4":{"start":{"line":1,"column":265},"end":{"line":1,"column":273}},"5":{"start":{"line":1,"column":274},"end":{"line":1,"column":329}},"6":{"start":{"line":1,"column":329},"end":{"line":1,"column":360}},"7":{"start":{"line":1,"column":360},"end":{"line":1,"column":414}},"8":{"start":{"line":1,"column":387},"end":{"line":1,"column":414}},"9":{"start":{"line":1,"column":414},"end":{"line":1,"column":472}},"10":{"start":{"line":1,"column":474},"end":{"line":1,"column":679}},"11":{"start":{"line":1,"column":530},"end":{"line":1,"column":598}},"12":{"start":{"line":1,"column":546},"end":{"line":1,"column":598}},"13":{"start":{"line":1,"column":598},"end":{"line":1,"column":658}},"14":{"start":{"line":1,"column":615},"end":{"line":1,"column":658}},"15":{"start":{"line":1,"column":658},"end":{"line":1,"column":677}},"16":{"start":{"line":10,"column":185},"end":{"line":10,"column":239}},"17":{"start":{"line":10,"column":289},"end":{"line":10,"column":388}},"18":{"start":{"line":10,"column":330},"end":{"line":10,"column":387}},"19":{"start":{"line":10,"column":438},"end":{"line":10,"column":537}},"20":{"start":{"line":10,"column":450},"end":{"line":10,"column":536}},"21":{"start":{"line":10,"column":537},"end":{"line":10,"column":623}},"22":{"start":{"line":10,"column":666},"end":{"line":10,"column":829}},"23":{"start":{"line":10,"column":728},"end":{"line":10,"column":828}},"24":{"start":{"line":10,"column":829},"end":{"line":10,"column":993}},"25":{"start":{"line":10,"column":993},"end":{"line":10,"column":1111}},"26":{"start":{"line":10,"column":1009},"end":{"line":10,"column":1111}},"27":{"start":{"line":14,"column":19},"end":{"line":40,"column":116}},"28":{"start":{"line":14,"column":71},"end":{"line":14,"column":113}},"29":{"start":{"line":14,"column":170},"end":{"line":14,"column":206}},"30":{"start":{"line":14,"column":206},"end":{"line":14,"column":322}},"31":{"start":{"line":14,"column":292},"end":{"line":14,"column":321}},"32":{"start":{"line":14,"column":322},"end":{"line":17,"column":59}},"33":{"start":{"line":16,"column":12},"end":{"line":16,"column":37}},"34":{"start":{"line":17,"column":60},"end":{"line":40,"column":14}},"35":{"start":{"line":20,"column":12},"end":{"line":35,"column":302}},"36":{"start":{"line":40,"column":14},"end":{"line":40,"column":34}}},"fnMap":{"0":{"name":"(anonymous_0)","decl":{"start":{"line":1,"column":153},"end":{"line":1,"column":154}},"loc":{"start":{"line":1,"column":165},"end":{"line":1,"column":680}},"line":1},"1":{"name":"defineProperties","decl":{"start":{"line":1,"column":175},"end":{"line":1,"column":191}},"loc":{"start":{"line":1,"column":207},"end":{"line":1,"column":474}},"line":1},"2":{"name":"(anonymous_2)","decl":{"start":{"line":1,"column":481},"end":{"line":1,"column":482}},"loc":{"start":{"line":1,"column":529},"end":{"line":1,"column":678}},"line":1},"3":{"name":"_interopRequireDefault","decl":{"start":{"line":10,"column":156},"end":{"line":10,"column":178}},"loc":{"start":{"line":10,"column":184},"end":{"line":10,"column":240}},"line":10},"4":{"name":"_classCallCheck","decl":{"start":{"line":10,"column":249},"end":{"line":10,"column":264}},"loc":{"start":{"line":10,"column":288},"end":{"line":10,"column":389}},"line":10},"5":{"name":"_possibleConstructorReturn","decl":{"start":{"line":10,"column":398},"end":{"line":10,"column":424}},"loc":{"start":{"line":10,"column":437},"end":{"line":10,"column":624}},"line":10},"6":{"name":"_inherits","decl":{"start":{"line":10,"column":633},"end":{"line":10,"column":642}},"loc":{"start":{"line":10,"column":665},"end":{"line":10,"column":1112}},"line":10},"7":{"name":"(anonymous_7)","decl":{"start":{"line":14,"column":42},"end":{"line":14,"column":43}},"loc":{"start":{"line":14,"column":70},"end":{"line":40,"column":35}},"line":14},"8":{"name":"PlayingField","decl":{"start":{"line":14,"column":122},"end":{"line":14,"column":134}},"loc":{"start":{"line":14,"column":137},"end":{"line":17,"column":60}},"line":14},"9":{"name":"(anonymous_9)","decl":{"start":{"line":15,"column":16},"end":{"line":15,"column":17}},"loc":{"start":{"line":15,"column":28},"end":{"line":17,"column":9}},"line":15},"10":{"name":"render","decl":{"start":{"line":17,"column":121},"end":{"line":17,"column":127}},"loc":{"start":{"line":19,"column":8},"end":{"line":40,"column":9}},"line":19}},"branchMap":{"0":{"loc":{"start":{"line":1,"column":298},"end":{"line":1,"column":328}},"type":"binary-expr","locations":[{"start":{"line":1,"column":298},"end":{"line":1,"column":319}},{"start":{"line":1,"column":323},"end":{"line":1,"column":328}}],"line":1},"1":{"loc":{"start":{"line":1,"column":360},"end":{"line":1,"column":414}},"type":"if","locations":[{"start":{"line":1,"column":360},"end":{"line":1,"column":414}},{"start":{"line":1,"column":360},"end":{"line":1,"column":414}}],"line":1},"2":{"loc":{"start":{"line":1,"column":530},"end":{"line":1,"column":598}},"type":"if","locations":[{"start":{"line":1,"column":530},"end":{"line":1,"column":598}},{"start":{"line":1,"column":530},"end":{"line":1,"column":598}}],"line":1},"3":{"loc":{"start":{"line":1,"column":598},"end":{"line":1,"column":658}},"type":"if","locations":[{"start":{"line":1,"column":598},"end":{"line":1,"column":658}},{"start":{"line":1,"column":598},"end":{"line":1,"column":658}}],"line":1},"4":{"loc":{"start":{"line":10,"column":192},"end":{"line":10,"column":238}},"type":"cond-expr","locations":[{"start":{"line":10,"column":216},"end":{"line":10,"column":219}},{"start":{"line":10,"column":222},"end":{"line":10,"column":238}}],"line":10},"5":{"loc":{"start":{"line":10,"column":192},"end":{"line":10,"column":213}},"type":"binary-expr","locations":[{"start":{"line":10,"column":192},"end":{"line":10,"column":195}},{"start":{"line":10,"column":199},"end":{"line":10,"column":213}}],"line":10},"6":{"loc":{"start":{"line":10,"column":289},"end":{"line":10,"column":388}},"type":"if","locations":[{"start":{"line":10,"column":289},"end":{"line":10,"column":388}},{"start":{"line":10,"column":289},"end":{"line":10,"column":388}}],"line":10},"7":{"loc":{"start":{"line":10,"column":438},"end":{"line":10,"column":537}},"type":"if","locations":[{"start":{"line":10,"column":438},"end":{"line":10,"column":537}},{"start":{"line":10,"column":438},"end":{"line":10,"column":537}}],"line":10},"8":{"loc":{"start":{"line":10,"column":544},"end":{"line":10,"column":622}},"type":"cond-expr","locations":[{"start":{"line":10,"column":611},"end":{"line":10,"column":615}},{"start":{"line":10,"column":618},"end":{"line":10,"column":622}}],"line":10},"9":{"loc":{"start":{"line":10,"column":544},"end":{"line":10,"column":608}},"type":"binary-expr","locations":[{"start":{"line":10,"column":544},"end":{"line":10,"column":548}},{"start":{"line":10,"column":553},"end":{"line":10,"column":577}},{"start":{"line":10,"column":581},"end":{"line":10,"column":607}}],"line":10},"10":{"loc":{"start":{"line":10,"column":666},"end":{"line":10,"column":829}},"type":"if","locations":[{"start":{"line":10,"column":666},"end":{"line":10,"column":829}},{"start":{"line":10,"column":666},"end":{"line":10,"column":829}}],"line":10},"11":{"loc":{"start":{"line":10,"column":670},"end":{"line":10,"column":725}},"type":"binary-expr","locations":[{"start":{"line":10,"column":670},"end":{"line":10,"column":702}},{"start":{"line":10,"column":706},"end":{"line":10,"column":725}}],"line":10},"12":{"loc":{"start":{"line":10,"column":864},"end":{"line":10,"column":898}},"type":"binary-expr","locations":[{"start":{"line":10,"column":864},"end":{"line":10,"column":874}},{"start":{"line":10,"column":878},"end":{"line":10,"column":898}}],"line":10},"13":{"loc":{"start":{"line":10,"column":993},"end":{"line":10,"column":1111}},"type":"if","locations":[{"start":{"line":10,"column":993},"end":{"line":10,"column":1111}},{"start":{"line":10,"column":993},"end":{"line":10,"column":1111}}],"line":10},"14":{"loc":{"start":{"line":10,"column":1009},"end":{"line":10,"column":1110}},"type":"cond-expr","locations":[{"start":{"line":10,"column":1033},"end":{"line":10,"column":1076}},{"start":{"line":10,"column":1079},"end":{"line":10,"column":1110}}],"line":10},"15":{"loc":{"start":{"line":14,"column":395},"end":{"line":14,"column":456}},"type":"binary-expr","locations":[{"start":{"line":14,"column":395},"end":{"line":14,"column":417}},{"start":{"line":14,"column":421},"end":{"line":14,"column":456}}],"line":14}},"s":{"0":1,"1":1,"2":1,"3":1,"4":1,"5":1,"6":1,"7":1,"8":1,"9":1,"10":1,"11":1,"12":1,"13":1,"14":0,"15":1,"16":5,"17":1,"18":0,"19":2,"20":0,"21":2,"22":1,"23":0,"24":1,"25":1,"26":1,"27":1,"28":1,"29":1,"30":1,"31":3,"32":1,"33":0,"34":1,"35":1,"36":1},"f":{"0":1,"1":1,"2":1,"3":5,"4":1,"5":2,"6":1,"7":1,"8":1,"9":0,"10":1},"b":{"0":[1,1],"1":[1,0],"2":[1,0],"3":[0,1],"4":[4,1],"5":[5,5],"6":[0,1],"7":[0,2],"8":[1,1],"9":[2,1,0],"10":[0,1],"11":[1,0],"12":[1,1],"13":[1,0],"14":[1,0],"15":[1,0]},"_coverageSchema":"332fd63041d2c1bcb487cc26dd0d5f7d97098a6c","hash":"2a78c9778680ab703be08b6e91d5ecf0e7c81b2d"}
,"C:\\Work\\RSS\\private\\Nadya-Ponka-2018Q1\\match-match-game-react\\src\\constants\\index.js": {"path":"C:\\Work\\RSS\\private\\Nadya-Ponka-2018Q1\\match-match-game-react\\src\\constants\\index.js","statementMap":{"0":{"start":{"line":1,"column":39},"end":{"line":1,"column":101}},"1":{"start":{"line":1,"column":150},"end":{"line":1,"column":195}},"2":{"start":{"line":2,"column":50},"end":{"line":2,"column":97}},"3":{"start":{"line":3,"column":48},"end":{"line":3,"column":91}},"4":{"start":{"line":4,"column":44},"end":{"line":4,"column":79}},"5":{"start":{"line":5,"column":43},"end":{"line":5,"column":76}},"6":{"start":{"line":6,"column":42},"end":{"line":6,"column":73}},"7":{"start":{"line":7,"column":44},"end":{"line":7,"column":79}},"8":{"start":{"line":8,"column":54},"end":{"line":8,"column":109}},"9":{"start":{"line":9,"column":49},"end":{"line":9,"column":94}}},"fnMap":{},"branchMap":{},"s":{"0":3,"1":3,"2":3,"3":3,"4":3,"5":3,"6":3,"7":3,"8":3,"9":3},"f":{},"b":{},"_coverageSchema":"332fd63041d2c1bcb487cc26dd0d5f7d97098a6c","hash":"2f0fc765b9668454d9ed111169e5ed3198f59965"}
,"C:\\Work\\RSS\\private\\Nadya-Ponka-2018Q1\\match-match-game-react\\src\\middleWare\\takeDataFromAPI.js": {"path":"C:\\Work\\RSS\\private\\Nadya-Ponka-2018Q1\\match-match-game-react\\src\\middleWare\\takeDataFromAPI.js","statementMap":{"0":{"start":{"line":1,"column":39},"end":{"line":1,"column":101}},"1":{"start":{"line":1,"column":101},"end":{"line":1,"column":137}},"2":{"start":{"line":3,"column":48},"end":{"line":35,"column":7}}},"fnMap":{"0":{"name":"takeDataFromAPI","decl":{"start":{"line":3,"column":83},"end":{"line":3,"column":98}},"loc":{"start":{"line":3,"column":127},"end":{"line":35,"column":7}},"line":3}},"branchMap":{},"s":{"0":3,"1":3,"2":3},"f":{"0":0},"b":{},"_coverageSchema":"332fd63041d2c1bcb487cc26dd0d5f7d97098a6c","hash":"0db7a0ef9468b13ad4a5f9b2fbf395aa99f038e4"}
}
