TN:
SF:C:\Work\RSS\private\Nadya-Ponka-2018Q1\match-match-game-react\src\utils.js
FN:97,sortByField
FN:97,byField
FN:97,secondsInTimeFormat
FN:97,num
FN:97,leaderBoard
FN:101,shuffle
FN:104,sendDataToAPI
FNF:7
FNH:0
FNDA:0,sortByField
FNDA:0,byField
FNDA:0,secondsInTimeFormat
FNDA:0,num
FNDA:0,leaderBoard
FNDA:0,shuffle
FNDA:0,sendDataToAPI
DA:1,1
DA:93,1
DA:96,1
DA:97,1
DA:98,0
DA:101,0
DA:102,0
DA:103,0
DA:104,0
DA:105,0
LF:10
LH:4
BRDA:97,0,0,0
BRDA:97,0,1,0
BRDA:97,1,0,0
BRDA:97,1,1,0
BRDA:97,2,0,0
BRF:5
BRH:0
end_of_record
TN:
SF:C:\Work\RSS\private\Nadya-Ponka-2018Q1\match-match-game-react\src\actions\actionTypes.js
FN:14,chooseBackCard
FN:19,chooseGameDifficulty
FN:24,makeCardArray
FN:29,startTimer
FN:34,stopTimer
FN:39,flipCard
FN:44,matchFound
FN:49,setLastFlippedCard
FN:54,showLeaderBoard
FNF:9
FNH:2
FNDA:1,chooseBackCard
FNDA:0,chooseGameDifficulty
FNDA:0,makeCardArray
FNDA:1,startTimer
FNDA:0,stopTimer
FNDA:0,flipCard
FNDA:0,matchFound
FNDA:0,setLastFlippedCard
FNDA:0,showLeaderBoard
DA:1,3
DA:14,3
DA:19,3
DA:24,3
DA:29,3
DA:34,3
DA:39,3
DA:44,3
DA:49,3
DA:54,3
LF:10
LH:10
BRF:0
BRH:0
end_of_record
TN:
SF:C:\Work\RSS\private\Nadya-Ponka-2018Q1\match-match-game-react\src\components\Button.js
FN:1,(anonymous_0)
FN:1,defineProperties
FN:1,(anonymous_2)
FN:1,_interopRequireDefault
FN:1,_classCallCheck
FN:1,_possibleConstructorReturn
FN:1,_inherits
FN:3,(anonymous_7)
FN:3,Button
FN:3,render
FNF:10
FNH:6
FNDA:2,(anonymous_0)
FNDA:2,defineProperties
FNDA:2,(anonymous_2)
FNDA:2,_interopRequireDefault
FNDA:0,_classCallCheck
FNDA:0,_possibleConstructorReturn
FNDA:2,_inherits
FNDA:2,(anonymous_7)
FNDA:0,Button
FNDA:0,render
DA:1,2
DA:3,2
DA:5,0
DA:10,2
DA:13,2
LF:5
LH:4
BRDA:1,0,0,2
BRDA:1,0,1,2
BRDA:1,1,0,2
BRDA:1,1,1,0
BRDA:1,2,0,2
BRDA:1,2,1,0
BRDA:1,3,0,0
BRDA:1,3,1,2
BRDA:1,4,0,0
BRDA:1,4,1,2
BRDA:1,5,0,2
BRDA:1,5,1,2
BRDA:1,6,0,0
BRDA:1,6,1,0
BRDA:1,7,0,0
BRDA:1,7,1,0
BRDA:1,8,0,0
BRDA:1,8,1,0
BRDA:1,9,0,0
BRDA:1,9,1,0
BRDA:1,9,2,0
BRDA:1,10,0,0
BRDA:1,10,1,2
BRDA:1,11,0,2
BRDA:1,11,1,0
BRDA:1,12,0,2
BRDA:1,12,1,2
BRDA:1,13,0,2
BRDA:1,13,1,0
BRDA:1,14,0,2
BRDA:1,14,1,0
BRDA:3,15,0,0
BRDA:3,15,1,0
BRF:33
BRH:14
end_of_record
TN:
SF:C:\Work\RSS\private\Nadya-Ponka-2018Q1\match-match-game-react\src\components\Something.js
FN:1,(anonymous_0)
FN:1,defineProperties
FN:1,(anonymous_2)
FN:1,_interopRequireDefault
FN:1,_classCallCheck
FN:1,_possibleConstructorReturn
FN:1,_inherits
FN:3,(anonymous_7)
FN:3,Something
FN:3,render
FNF:10
FNH:10
FNDA:2,(anonymous_0)
FNDA:2,defineProperties
FNDA:2,(anonymous_2)
FNDA:2,_interopRequireDefault
FNDA:1,_classCallCheck
FNDA:1,_possibleConstructorReturn
FNDA:2,_inherits
FNDA:2,(anonymous_7)
FNDA:1,Something
FNDA:1,render
DA:1,2
DA:3,2
DA:5,1
DA:16,2
LF:4
LH:4
BRDA:1,0,0,2
BRDA:1,0,1,2
BRDA:1,1,0,2
BRDA:1,1,1,0
BRDA:1,2,0,2
BRDA:1,2,1,0
BRDA:1,3,0,0
BRDA:1,3,1,2
BRDA:1,4,0,0
BRDA:1,4,1,2
BRDA:1,5,0,2
BRDA:1,5,1,2
BRDA:1,6,0,0
BRDA:1,6,1,1
BRDA:1,7,0,0
BRDA:1,7,1,1
BRDA:1,8,0,0
BRDA:1,8,1,1
BRDA:1,9,0,1
BRDA:1,9,1,0
BRDA:1,9,2,0
BRDA:1,10,0,0
BRDA:1,10,1,2
BRDA:1,11,0,2
BRDA:1,11,1,0
BRDA:1,12,0,2
BRDA:1,12,1,2
BRDA:1,13,0,2
BRDA:1,13,1,0
BRDA:1,14,0,2
BRDA:1,14,1,0
BRDA:3,15,0,1
BRDA:3,15,1,0
BRF:33
BRH:19
end_of_record
TN:
SF:C:\Work\RSS\private\Nadya-Ponka-2018Q1\match-match-game-react\src\components\Timer.js
FN:1,(anonymous_0)
FN:1,defineProperties
FN:1,(anonymous_2)
FN:5,_classCallCheck
FN:5,_possibleConstructorReturn
FN:5,_inherits
FN:7,getElapsedTime
FN:37,mapStateToProps
FNF:8
FNH:4
FNDA:1,(anonymous_0)
FNDA:1,defineProperties
FNDA:1,(anonymous_2)
FNDA:0,_classCallCheck
FNDA:0,_possibleConstructorReturn
FNDA:1,_inherits
FNDA:0,getElapsedTime
FNDA:0,mapStateToProps
DA:1,3
DA:5,1
DA:8,0
DA:9,0
DA:11,0
DA:39,0
LF:6
LH:2
BRDA:1,0,0,3
BRDA:1,0,1,3
BRDA:1,1,0,3
BRDA:1,1,1,0
BRDA:1,2,0,1
BRDA:1,2,1,0
BRDA:1,3,0,0
BRDA:1,3,1,1
BRDA:5,4,0,0
BRDA:5,4,1,0
BRDA:5,5,0,0
BRDA:5,5,1,0
BRDA:5,6,0,0
BRDA:5,6,1,0
BRDA:5,7,0,0
BRDA:5,7,1,0
BRDA:5,7,2,0
BRDA:5,8,0,0
BRDA:5,8,1,1
BRDA:5,9,0,1
BRDA:5,9,1,0
BRDA:5,10,0,1
BRDA:5,10,1,1
BRDA:5,11,0,1
BRDA:5,11,1,0
BRDA:5,12,0,1
BRDA:5,12,1,0
BRDA:8,13,0,0
BRDA:8,13,1,0
BRF:29
BRH:11
end_of_record
TN:
SF:C:\Work\RSS\private\Nadya-Ponka-2018Q1\match-match-game-react\src\components\card\Card.js
FN:1,(anonymous_0)
FN:1,defineProperties
FN:1,(anonymous_2)
FN:2,_interopRequireDefault
FN:2,_classCallCheck
FN:2,_possibleConstructorReturn
FN:2,_inherits
FN:4,(anonymous_7)
FN:5,Card
FN:8,handleClick
FN:15,render
FNF:11
FNH:6
FNDA:1,(anonymous_0)
FNDA:1,defineProperties
FNDA:1,(anonymous_2)
FNDA:2,_interopRequireDefault
FNDA:0,_classCallCheck
FNDA:0,_possibleConstructorReturn
FNDA:1,_inherits
FNDA:1,(anonymous_7)
FNDA:0,Card
FNDA:0,handleClick
FNDA:0,render
DA:1,2
DA:2,2
DA:4,1
DA:5,0
DA:8,1
DA:11,0
DA:12,0
DA:13,0
DA:18,0
DA:24,0
DA:36,1
LF:11
LH:5
BRDA:1,0,0,2
BRDA:1,0,1,2
BRDA:1,1,0,2
BRDA:1,1,1,0
BRDA:1,2,0,1
BRDA:1,2,1,0
BRDA:1,3,0,0
BRDA:1,3,1,1
BRDA:2,4,0,0
BRDA:2,4,1,2
BRDA:2,5,0,2
BRDA:2,5,1,2
BRDA:2,6,0,0
BRDA:2,6,1,0
BRDA:2,7,0,0
BRDA:2,7,1,0
BRDA:2,8,0,0
BRDA:2,8,1,0
BRDA:2,9,0,0
BRDA:2,9,1,0
BRDA:2,9,2,0
BRDA:2,10,0,0
BRDA:2,10,1,1
BRDA:2,11,0,1
BRDA:2,11,1,0
BRDA:2,12,0,1
BRDA:2,12,1,1
BRDA:2,13,0,1
BRDA:2,13,1,0
BRDA:2,14,0,1
BRDA:2,14,1,0
BRDA:5,15,0,0
BRDA:5,15,1,0
BRDA:12,16,0,0
BRDA:12,16,1,0
BRF:35
BRH:14
end_of_record
TN:
SF:C:\Work\RSS\private\Nadya-Ponka-2018Q1\match-match-game-react\src\components\card\CardsField.js
FN:1,(anonymous_0)
FN:1,defineProperties
FN:1,(anonymous_2)
FN:10,_classCallCheck
FN:10,_possibleConstructorReturn
FN:10,_inherits
FN:12,(anonymous_6)
FN:12,CardsField
FN:13,(anonymous_8)
FN:34,(anonymous_9)
FN:54,(anonymous_10)
FN:55,(anonymous_11)
FN:71,(anonymous_12)
FN:81,(anonymous_13)
FN:86,render
FNF:15
FNH:5
FNDA:1,(anonymous_0)
FNDA:1,defineProperties
FNDA:1,(anonymous_2)
FNDA:0,_classCallCheck
FNDA:0,_possibleConstructorReturn
FNDA:1,_inherits
FNDA:1,(anonymous_6)
FNDA:0,CardsField
FNDA:0,(anonymous_8)
FNDA:0,(anonymous_9)
FNDA:0,(anonymous_10)
FNDA:0,(anonymous_11)
FNDA:0,(anonymous_12)
FNDA:0,(anonymous_13)
FNDA:0,render
DA:1,1
DA:10,1
DA:12,1
DA:14,0
DA:15,0
DA:19,0
DA:20,0
DA:21,0
DA:22,0
DA:25,0
DA:26,0
DA:27,0
DA:28,0
DA:32,0
DA:34,0
DA:35,0
DA:36,0
DA:37,0
DA:38,0
DA:49,0
DA:55,0
DA:56,0
DA:74,0
DA:75,0
DA:78,0
DA:79,0
DA:81,0
DA:82,0
DA:83,0
DA:86,1
DA:89,0
DA:101,1
LF:32
LH:5
BRDA:1,0,0,1
BRDA:1,0,1,1
BRDA:1,1,0,1
BRDA:1,1,1,0
BRDA:1,2,0,1
BRDA:1,2,1,0
BRDA:1,3,0,0
BRDA:1,3,1,1
BRDA:10,4,0,0
BRDA:10,4,1,0
BRDA:10,5,0,0
BRDA:10,5,1,0
BRDA:10,6,0,0
BRDA:10,6,1,0
BRDA:10,7,0,0
BRDA:10,7,1,0
BRDA:10,7,2,0
BRDA:10,8,0,0
BRDA:10,8,1,1
BRDA:10,9,0,1
BRDA:10,9,1,0
BRDA:10,10,0,1
BRDA:10,10,1,1
BRDA:10,11,0,1
BRDA:10,11,1,0
BRDA:10,12,0,1
BRDA:10,12,1,0
BRDA:12,13,0,0
BRDA:12,13,1,0
BRDA:14,14,0,0
BRDA:14,14,1,0
BRDA:25,15,0,0
BRDA:25,15,1,0
BRDA:26,16,0,0
BRDA:26,16,1,0
BRDA:49,17,0,0
BRDA:49,17,1,0
BRDA:49,18,0,0
BRDA:49,18,1,0
BRF:39
BRH:11
end_of_record
TN:
SF:C:\Work\RSS\private\Nadya-Ponka-2018Q1\match-match-game-react\src\components\landing-page\landing-page.css
FNF:0
FNH:0
LF:0
LH:0
BRF:0
BRH:0
end_of_record
TN:
SF:C:\Work\RSS\private\Nadya-Ponka-2018Q1\match-match-game-react\src\components\landing-page\landing-page.js
FN:1,(anonymous_0)
FN:1,defineProperties
FN:1,(anonymous_2)
FN:3,_classCallCheck
FN:3,_possibleConstructorReturn
FN:3,_inherits
FN:5,(anonymous_6)
FN:5,LandingPage
FN:6,(anonymous_8)
FN:12,(anonymous_9)
FN:16,render
FNF:11
FNH:9
FNDA:1,(anonymous_0)
FNDA:1,defineProperties
FNDA:1,(anonymous_2)
FNDA:1,_classCallCheck
FNDA:2,_possibleConstructorReturn
FNDA:1,_inherits
FNDA:1,(anonymous_6)
FNDA:1,LandingPage
FNDA:0,(anonymous_8)
FNDA:0,(anonymous_9)
FNDA:1,render
DA:1,1
DA:3,2
DA:5,3
DA:7,0
DA:8,0
DA:9,0
DA:10,0
DA:12,0
DA:13,0
DA:14,0
DA:16,1
DA:19,1
DA:28,1
LF:13
LH:6
BRDA:1,0,0,1
BRDA:1,0,1,1
BRDA:1,1,0,1
BRDA:1,1,1,0
BRDA:1,2,0,1
BRDA:1,2,1,0
BRDA:1,3,0,0
BRDA:1,3,1,1
BRDA:3,4,0,0
BRDA:3,4,1,1
BRDA:3,5,0,0
BRDA:3,5,1,2
BRDA:3,6,0,1
BRDA:3,6,1,1
BRDA:3,7,0,2
BRDA:3,7,1,1
BRDA:3,7,2,0
BRDA:3,8,0,0
BRDA:3,8,1,1
BRDA:3,9,0,1
BRDA:3,9,1,0
BRDA:3,10,0,1
BRDA:3,10,1,1
BRDA:3,11,0,1
BRDA:3,11,1,0
BRDA:3,12,0,1
BRDA:3,12,1,0
BRDA:5,13,0,1
BRDA:5,13,1,0
BRF:29
BRH:18
end_of_record
TN:
SF:C:\Work\RSS\private\Nadya-Ponka-2018Q1\match-match-game-react\src\components\leaderBoard\LeaderBoard.js
FN:1,(anonymous_0)
FN:1,defineProperties
FN:1,(anonymous_2)
FN:4,_interopRequireDefault
FN:4,_classCallCheck
FN:4,_possibleConstructorReturn
FN:4,_inherits
FN:6,(anonymous_7)
FN:6,LeaderBoard
FN:6,render
FN:22,(anonymous_10)
FNF:11
FNH:6
FNDA:1,(anonymous_0)
FNDA:1,defineProperties
FNDA:1,(anonymous_2)
FNDA:2,_interopRequireDefault
FNDA:0,_classCallCheck
FNDA:0,_possibleConstructorReturn
FNDA:1,_inherits
FNDA:1,(anonymous_7)
FNDA:0,LeaderBoard
FNDA:0,render
FNDA:0,(anonymous_10)
DA:1,1
DA:4,2
DA:6,1
DA:8,0
DA:31,1
LF:5
LH:4
BRDA:1,0,0,1
BRDA:1,0,1,1
BRDA:1,1,0,1
BRDA:1,1,1,0
BRDA:1,2,0,1
BRDA:1,2,1,0
BRDA:1,3,0,0
BRDA:1,3,1,1
BRDA:4,4,0,1
BRDA:4,4,1,1
BRDA:4,5,0,2
BRDA:4,5,1,2
BRDA:4,6,0,0
BRDA:4,6,1,0
BRDA:4,7,0,0
BRDA:4,7,1,0
BRDA:4,8,0,0
BRDA:4,8,1,0
BRDA:4,9,0,0
BRDA:4,9,1,0
BRDA:4,9,2,0
BRDA:4,10,0,0
BRDA:4,10,1,1
BRDA:4,11,0,1
BRDA:4,11,1,0
BRDA:4,12,0,1
BRDA:4,12,1,1
BRDA:4,13,0,1
BRDA:4,13,1,0
BRDA:4,14,0,1
BRDA:4,14,1,0
BRDA:6,15,0,0
BRDA:6,15,1,0
BRF:33
BRH:15
end_of_record
TN:
SF:C:\Work\RSS\private\Nadya-Ponka-2018Q1\match-match-game-react\src\components\leaderBoard\strokeLeaderBoard.js
FN:1,(anonymous_0)
FN:1,defineProperties
FN:1,(anonymous_2)
FN:3,_classCallCheck
FN:3,_possibleConstructorReturn
FN:3,_inherits
FN:5,(anonymous_6)
FN:5,StrokeLeaderBoard
FN:5,render
FNF:9
FNH:5
FNDA:1,(anonymous_0)
FNDA:1,defineProperties
FNDA:1,(anonymous_2)
FNDA:0,_classCallCheck
FNDA:0,_possibleConstructorReturn
FNDA:1,_inherits
FNDA:1,(anonymous_6)
FNDA:0,StrokeLeaderBoard
FNDA:0,render
DA:1,1
DA:3,1
DA:5,1
DA:8,0
DA:9,0
DA:19,1
LF:6
LH:4
BRDA:1,0,0,1
BRDA:1,0,1,1
BRDA:1,1,0,1
BRDA:1,1,1,0
BRDA:1,2,0,1
BRDA:1,2,1,0
BRDA:1,3,0,0
BRDA:1,3,1,1
BRDA:3,4,0,0
BRDA:3,4,1,0
BRDA:3,5,0,0
BRDA:3,5,1,0
BRDA:3,6,0,0
BRDA:3,6,1,0
BRDA:3,7,0,0
BRDA:3,7,1,0
BRDA:3,7,2,0
BRDA:3,8,0,0
BRDA:3,8,1,1
BRDA:3,9,0,1
BRDA:3,9,1,0
BRDA:3,10,0,1
BRDA:3,10,1,1
BRDA:3,11,0,1
BRDA:3,11,1,0
BRDA:3,12,0,1
BRDA:3,12,1,0
BRDA:5,13,0,0
BRDA:5,13,1,0
BRF:29
BRH:11
end_of_record
TN:
SF:C:\Work\RSS\private\Nadya-Ponka-2018Q1\match-match-game-react\src\components\playingField\playingField.css
FNF:0
FNH:0
LF:0
LH:0
BRF:0
BRH:0
end_of_record
TN:
SF:C:\Work\RSS\private\Nadya-Ponka-2018Q1\match-match-game-react\src\components\playingField\playingField.js
FN:1,(anonymous_0)
FN:1,defineProperties
FN:1,(anonymous_2)
FN:10,_interopRequireDefault
FN:10,_classCallCheck
FN:10,_possibleConstructorReturn
FN:10,_inherits
FN:14,(anonymous_7)
FN:14,PlayingField
FN:15,(anonymous_9)
FN:17,render
FNF:11
FNH:10
FNDA:1,(anonymous_0)
FNDA:1,defineProperties
FNDA:1,(anonymous_2)
FNDA:5,_interopRequireDefault
FNDA:1,_classCallCheck
FNDA:2,_possibleConstructorReturn
FNDA:1,_inherits
FNDA:1,(anonymous_7)
FNDA:1,PlayingField
FNDA:0,(anonymous_9)
FNDA:1,render
DA:1,1
DA:10,5
DA:14,3
DA:16,0
DA:17,1
DA:20,1
DA:40,1
LF:7
LH:6
BRDA:1,0,0,1
BRDA:1,0,1,1
BRDA:1,1,0,1
BRDA:1,1,1,0
BRDA:1,2,0,1
BRDA:1,2,1,0
BRDA:1,3,0,0
BRDA:1,3,1,1
BRDA:10,4,0,4
BRDA:10,4,1,1
BRDA:10,5,0,5
BRDA:10,5,1,5
BRDA:10,6,0,0
BRDA:10,6,1,1
BRDA:10,7,0,0
BRDA:10,7,1,2
BRDA:10,8,0,1
BRDA:10,8,1,1
BRDA:10,9,0,2
BRDA:10,9,1,1
BRDA:10,9,2,0
BRDA:10,10,0,0
BRDA:10,10,1,1
BRDA:10,11,0,1
BRDA:10,11,1,0
BRDA:10,12,0,1
BRDA:10,12,1,1
BRDA:10,13,0,1
BRDA:10,13,1,0
BRDA:10,14,0,1
BRDA:10,14,1,0
BRDA:14,15,0,1
BRDA:14,15,1,0
BRF:33
BRH:22
end_of_record
TN:
SF:C:\Work\RSS\private\Nadya-Ponka-2018Q1\match-match-game-react\src\constants\index.js
FNF:0
FNH:0
DA:1,3
DA:2,3
DA:3,3
DA:4,3
DA:5,3
DA:6,3
DA:7,3
DA:8,3
DA:9,3
LF:9
LH:9
BRF:0
BRH:0
end_of_record
TN:
SF:C:\Work\RSS\private\Nadya-Ponka-2018Q1\match-match-game-react\src\middleWare\takeDataFromAPI.js
FN:3,takeDataFromAPI
FNF:1
FNH:0
FNDA:0,takeDataFromAPI
DA:1,3
DA:3,3
LF:2
LH:2
BRF:0
BRH:0
end_of_record
